This file contains any messages produced by compilers while
running configure, to aid debugging if configure makes a mistake.

It was created by tpm2-tss configure 4.0.1-dirty, which was
generated by GNU Autoconf 2.69.  Invocation command line was

  $ ./configure --with-maxloglevel=debug --enable-static

## --------- ##
## Platform. ##
## --------- ##

hostname = vien-Dell-G15-5511
uname -m = x86_64
uname -r = 5.15.0-102-generic
uname -s = Linux
uname -v = #112~20.04.1-Ubuntu SMP Thu Mar 14 14:28:24 UTC 2024

/usr/bin/uname -p = x86_64
/bin/uname -X     = unknown

/bin/arch              = x86_64
/usr/bin/arch -k       = unknown
/usr/convex/getsysinfo = unknown
/usr/bin/hostinfo      = unknown
/bin/machine           = unknown
/usr/bin/oslevel       = unknown
/bin/universe          = unknown

PATH: /usr/local/sbin
PATH: /usr/local/bin
PATH: /usr/sbin
PATH: /usr/bin
PATH: /sbin
PATH: /bin
PATH: /snap/bin


## ----------- ##
## Core tests. ##
## ----------- ##

configure:2818: checking for a BSD-compatible install
configure:2886: result: /usr/bin/install -c
configure:2897: checking whether build environment is sane
configure:2952: result: yes
configure:3101: checking for a thread-safe mkdir -p
configure:3140: result: /usr/bin/mkdir -p
configure:3147: checking for gawk
configure:3163: found /usr/bin/gawk
configure:3174: result: gawk
configure:3185: checking whether make sets $(MAKE)
configure:3207: result: yes
configure:3236: checking whether make supports nested variables
configure:3253: result: yes
configure:3390: checking whether make supports nested variables
configure:3407: result: yes
configure:3433: checking build system type
configure:3447: result: x86_64-pc-linux-gnu
configure:3467: checking host system type
configure:3480: result: x86_64-pc-linux-gnu
configure:3518: checking whether to enable debugging
configure:3559: result: info
configure:3658: checking for gcc
configure:3674: found /usr/bin/gcc
configure:3685: result: gcc
configure:3914: checking for C compiler version
configure:3923: gcc --version >&5
gcc (Ubuntu 9.4.0-1ubuntu1~20.04.2) 9.4.0
Copyright (C) 2019 Free Software Foundation, Inc.
This is free software; see the source for copying conditions.  There is NO
warranty; not even for MERCHANTABILITY or FITNESS FOR A PARTICULAR PURPOSE.

configure:3934: $? = 0
configure:3923: gcc -v >&5
Using built-in specs.
COLLECT_GCC=gcc
COLLECT_LTO_WRAPPER=/usr/lib/gcc/x86_64-linux-gnu/9/lto-wrapper
OFFLOAD_TARGET_NAMES=nvptx-none:hsa
OFFLOAD_TARGET_DEFAULT=1
Target: x86_64-linux-gnu
Configured with: ../src/configure -v --with-pkgversion='Ubuntu 9.4.0-1ubuntu1~20.04.2' --with-bugurl=file:///usr/share/doc/gcc-9/README.Bugs --enable-languages=c,ada,c++,go,brig,d,fortran,objc,obj-c++,gm2 --prefix=/usr --with-gcc-major-version-only --program-suffix=-9 --program-prefix=x86_64-linux-gnu- --enable-shared --enable-linker-build-id --libexecdir=/usr/lib --without-included-gettext --enable-threads=posix --libdir=/usr/lib --enable-nls --enable-clocale=gnu --enable-libstdcxx-debug --enable-libstdcxx-time=yes --with-default-libstdcxx-abi=new --enable-gnu-unique-object --disable-vtable-verify --enable-plugin --enable-default-pie --with-system-zlib --with-target-system-zlib=auto --enable-objc-gc=auto --enable-multiarch --disable-werror --with-arch-32=i686 --with-abi=m64 --with-multilib-list=m32,m64,mx32 --enable-multilib --with-tune=generic --enable-offload-targets=nvptx-none=/build/gcc-9-9QDOt0/gcc-9-9.4.0/debian/tmp-nvptx/usr,hsa --without-cuda-driver --enable-checking=release --build=x86_64-linux-gnu --host=x86_64-linux-gnu --target=x86_64-linux-gnu
Thread model: posix
gcc version 9.4.0 (Ubuntu 9.4.0-1ubuntu1~20.04.2) 
configure:3934: $? = 0
configure:3923: gcc -V >&5
gcc: error: unrecognized command line option '-V'
gcc: fatal error: no input files
compilation terminated.
configure:3934: $? = 1
configure:3923: gcc -qversion >&5
gcc: error: unrecognized command line option '-qversion'; did you mean '--version'?
gcc: fatal error: no input files
compilation terminated.
configure:3934: $? = 1
configure:3954: checking whether the C compiler works
configure:3976: gcc  -g   conftest.c  >&5
configure:3980: $? = 0
configure:4028: result: yes
configure:4031: checking for C compiler default output file name
configure:4033: result: a.out
configure:4039: checking for suffix of executables
configure:4046: gcc -o conftest  -g   conftest.c  >&5
configure:4050: $? = 0
configure:4072: result: 
configure:4094: checking whether we are cross compiling
configure:4102: gcc -o conftest  -g   conftest.c  >&5
configure:4106: $? = 0
configure:4113: ./conftest
configure:4117: $? = 0
configure:4105: result: no
configure:4110: checking for suffix of object files
configure:4132: gcc -c  -g  conftest.c >&5
configure:4136: $? = 0
configure:4157: result: o
configure:4161: checking whether we are using the GNU C compiler
configure:4180: gcc -c  -g  conftest.c >&5
configure:4180: $? = 0
configure:4189: result: yes
configure:4198: checking whether gcc accepts -g
configure:4218: gcc -c -g  conftest.c >&5
configure:4218: $? = 0
configure:4259: result: yes
configure:4276: checking for gcc option to accept ISO C89
configure:4339: gcc  -c  -g  conftest.c >&5
configure:4339: $? = 0
configure:4352: result: none needed
configure:4377: checking whether gcc understands -c and -o together
configure:4399: gcc -c conftest.c -o conftest2.o
configure:4402: $? = 0
configure:4399: gcc -c conftest.c -o conftest2.o
configure:4402: $? = 0
configure:4414: result: yes
configure:4434: checking whether make supports the include directive
configure:4449: make -f confmf.GNU && cat confinc.out
this is the am__doit target
configure:4452: $? = 0
configure:4471: result: yes (GNU style)
configure:4496: checking dependency style of gcc
configure:4607: result: gcc3
configure:4680: checking for g++
configure:4696: found /usr/bin/g++
configure:4707: result: g++
configure:4734: checking for C++ compiler version
configure:4743: g++ --version >&5
g++ (Ubuntu 9.4.0-1ubuntu1~20.04.2) 9.4.0
Copyright (C) 2019 Free Software Foundation, Inc.
This is free software; see the source for copying conditions.  There is NO
warranty; not even for MERCHANTABILITY or FITNESS FOR A PARTICULAR PURPOSE.

configure:4754: $? = 0
configure:4743: g++ -v >&5
Using built-in specs.
COLLECT_GCC=g++
COLLECT_LTO_WRAPPER=/usr/lib/gcc/x86_64-linux-gnu/9/lto-wrapper
OFFLOAD_TARGET_NAMES=nvptx-none:hsa
OFFLOAD_TARGET_DEFAULT=1
Target: x86_64-linux-gnu
Configured with: ../src/configure -v --with-pkgversion='Ubuntu 9.4.0-1ubuntu1~20.04.2' --with-bugurl=file:///usr/share/doc/gcc-9/README.Bugs --enable-languages=c,ada,c++,go,brig,d,fortran,objc,obj-c++,gm2 --prefix=/usr --with-gcc-major-version-only --program-suffix=-9 --program-prefix=x86_64-linux-gnu- --enable-shared --enable-linker-build-id --libexecdir=/usr/lib --without-included-gettext --enable-threads=posix --libdir=/usr/lib --enable-nls --enable-clocale=gnu --enable-libstdcxx-debug --enable-libstdcxx-time=yes --with-default-libstdcxx-abi=new --enable-gnu-unique-object --disable-vtable-verify --enable-plugin --enable-default-pie --with-system-zlib --with-target-system-zlib=auto --enable-objc-gc=auto --enable-multiarch --disable-werror --with-arch-32=i686 --with-abi=m64 --with-multilib-list=m32,m64,mx32 --enable-multilib --with-tune=generic --enable-offload-targets=nvptx-none=/build/gcc-9-9QDOt0/gcc-9-9.4.0/debian/tmp-nvptx/usr,hsa --without-cuda-driver --enable-checking=release --build=x86_64-linux-gnu --host=x86_64-linux-gnu --target=x86_64-linux-gnu
Thread model: posix
gcc version 9.4.0 (Ubuntu 9.4.0-1ubuntu1~20.04.2) 
configure:4754: $? = 0
configure:4743: g++ -V >&5
g++: error: unrecognized command line option '-V'
g++: fatal error: no input files
compilation terminated.
configure:4754: $? = 1
configure:4743: g++ -qversion >&5
g++: error: unrecognized command line option '-qversion'; did you mean '--version'?
g++: fatal error: no input files
compilation terminated.
configure:4754: $? = 1
configure:4758: checking whether we are using the GNU C++ compiler
configure:4777: g++ -c  -g  conftest.cpp >&5
configure:4777: $? = 0
configure:4786: result: yes
configure:4795: checking whether g++ accepts -g
configure:4815: g++ -c -g  conftest.cpp >&5
configure:4815: $? = 0
configure:4856: result: yes
configure:4881: checking dependency style of g++
configure:4992: result: gcc3
configure:5007: checking whether ln -s works
configure:5011: result: yes
configure:5024: checking how to run the C preprocessor
configure:5055: gcc -E  conftest.c
configure:5055: $? = 0
configure:5069: gcc -E  conftest.c
conftest.c:12:10: fatal error: ac_nonexistent.h: No such file or directory
   12 | #include <ac_nonexistent.h>
      |          ^~~~~~~~~~~~~~~~~~
compilation terminated.
configure:5069: $? = 1
configure: failed program was:
| /* confdefs.h */
| #define PACKAGE_NAME "tpm2-tss"
| #define PACKAGE_TARNAME "tpm2-tss"
| #define PACKAGE_VERSION "4.0.1-dirty"
| #define PACKAGE_STRING "tpm2-tss 4.0.1-dirty"
| #define PACKAGE_BUGREPORT "https://github.com/tpm2-software/tpm2-tss/issues"
| #define PACKAGE_URL "https://github.com/tpm2-software/tpm2-tss"
| #define PACKAGE "tpm2-tss"
| #define VERSION "4.0.1-dirty"
| #define NDEBUG 1
| /* end confdefs.h.  */
| #include <ac_nonexistent.h>
configure:5094: result: gcc -E
configure:5114: gcc -E  conftest.c
configure:5114: $? = 0
configure:5128: gcc -E  conftest.c
conftest.c:12:10: fatal error: ac_nonexistent.h: No such file or directory
   12 | #include <ac_nonexistent.h>
      |          ^~~~~~~~~~~~~~~~~~
compilation terminated.
configure:5128: $? = 1
configure: failed program was:
| /* confdefs.h */
| #define PACKAGE_NAME "tpm2-tss"
| #define PACKAGE_TARNAME "tpm2-tss"
| #define PACKAGE_VERSION "4.0.1-dirty"
| #define PACKAGE_STRING "tpm2-tss 4.0.1-dirty"
| #define PACKAGE_BUGREPORT "https://github.com/tpm2-software/tpm2-tss/issues"
| #define PACKAGE_URL "https://github.com/tpm2-software/tpm2-tss"
| #define PACKAGE "tpm2-tss"
| #define VERSION "4.0.1-dirty"
| #define NDEBUG 1
| /* end confdefs.h.  */
| #include <ac_nonexistent.h>
configure:5157: checking for grep that handles long lines and -e
configure:5215: result: /usr/bin/grep
configure:5220: checking for egrep
configure:5282: result: /usr/bin/grep -E
configure:5287: checking for ANSI C header files
configure:5307: gcc -c  -g  conftest.c >&5
configure:5307: $? = 0
configure:5380: gcc -o conftest  -g   conftest.c  >&5
configure:5380: $? = 0
configure:5380: ./conftest
configure:5380: $? = 0
configure:5391: result: yes
configure:5404: checking for sys/types.h
configure:5404: gcc -c  -g  conftest.c >&5
configure:5404: $? = 0
configure:5404: result: yes
configure:5404: checking for sys/stat.h
configure:5404: gcc -c  -g  conftest.c >&5
configure:5404: $? = 0
configure:5404: result: yes
configure:5404: checking for stdlib.h
configure:5404: gcc -c  -g  conftest.c >&5
configure:5404: $? = 0
configure:5404: result: yes
configure:5404: checking for string.h
configure:5404: gcc -c  -g  conftest.c >&5
configure:5404: $? = 0
configure:5404: result: yes
configure:5404: checking for memory.h
configure:5404: gcc -c  -g  conftest.c >&5
configure:5404: $? = 0
configure:5404: result: yes
configure:5404: checking for strings.h
configure:5404: gcc -c  -g  conftest.c >&5
configure:5404: $? = 0
configure:5404: result: yes
configure:5404: checking for inttypes.h
configure:5404: gcc -c  -g  conftest.c >&5
configure:5404: $? = 0
configure:5404: result: yes
configure:5404: checking for stdint.h
configure:5404: gcc -c  -g  conftest.c >&5
configure:5404: $? = 0
configure:5404: result: yes
configure:5404: checking for unistd.h
configure:5404: gcc -c  -g  conftest.c >&5
configure:5404: $? = 0
configure:5404: result: yes
configure:5417: checking minix/config.h usability
configure:5417: gcc -c  -g  conftest.c >&5
conftest.c:55:10: fatal error: minix/config.h: No such file or directory
   55 | #include <minix/config.h>
      |          ^~~~~~~~~~~~~~~~
compilation terminated.
configure:5417: $? = 1
configure: failed program was:
| /* confdefs.h */
| #define PACKAGE_NAME "tpm2-tss"
| #define PACKAGE_TARNAME "tpm2-tss"
| #define PACKAGE_VERSION "4.0.1-dirty"
| #define PACKAGE_STRING "tpm2-tss 4.0.1-dirty"
| #define PACKAGE_BUGREPORT "https://github.com/tpm2-software/tpm2-tss/issues"
| #define PACKAGE_URL "https://github.com/tpm2-software/tpm2-tss"
| #define PACKAGE "tpm2-tss"
| #define VERSION "4.0.1-dirty"
| #define NDEBUG 1
| #define STDC_HEADERS 1
| #define HAVE_SYS_TYPES_H 1
| #define HAVE_SYS_STAT_H 1
| #define HAVE_STDLIB_H 1
| #define HAVE_STRING_H 1
| #define HAVE_MEMORY_H 1
| #define HAVE_STRINGS_H 1
| #define HAVE_INTTYPES_H 1
| #define HAVE_STDINT_H 1
| #define HAVE_UNISTD_H 1
| /* end confdefs.h.  */
| #include <stdio.h>
| #ifdef HAVE_SYS_TYPES_H
| # include <sys/types.h>
| #endif
| #ifdef HAVE_SYS_STAT_H
| # include <sys/stat.h>
| #endif
| #ifdef STDC_HEADERS
| # include <stdlib.h>
| # include <stddef.h>
| #else
| # ifdef HAVE_STDLIB_H
| #  include <stdlib.h>
| # endif
| #endif
| #ifdef HAVE_STRING_H
| # if !defined STDC_HEADERS && defined HAVE_MEMORY_H
| #  include <memory.h>
| # endif
| # include <string.h>
| #endif
| #ifdef HAVE_STRINGS_H
| # include <strings.h>
| #endif
| #ifdef HAVE_INTTYPES_H
| # include <inttypes.h>
| #endif
| #ifdef HAVE_STDINT_H
| # include <stdint.h>
| #endif
| #ifdef HAVE_UNISTD_H
| # include <unistd.h>
| #endif
| #include <minix/config.h>
configure:5417: result: no
configure:5417: checking minix/config.h presence
configure:5417: gcc -E  conftest.c
conftest.c:22:10: fatal error: minix/config.h: No such file or directory
   22 | #include <minix/config.h>
      |          ^~~~~~~~~~~~~~~~
compilation terminated.
configure:5417: $? = 1
configure: failed program was:
| /* confdefs.h */
| #define PACKAGE_NAME "tpm2-tss"
| #define PACKAGE_TARNAME "tpm2-tss"
| #define PACKAGE_VERSION "4.0.1-dirty"
| #define PACKAGE_STRING "tpm2-tss 4.0.1-dirty"
| #define PACKAGE_BUGREPORT "https://github.com/tpm2-software/tpm2-tss/issues"
| #define PACKAGE_URL "https://github.com/tpm2-software/tpm2-tss"
| #define PACKAGE "tpm2-tss"
| #define VERSION "4.0.1-dirty"
| #define NDEBUG 1
| #define STDC_HEADERS 1
| #define HAVE_SYS_TYPES_H 1
| #define HAVE_SYS_STAT_H 1
| #define HAVE_STDLIB_H 1
| #define HAVE_STRING_H 1
| #define HAVE_MEMORY_H 1
| #define HAVE_STRINGS_H 1
| #define HAVE_INTTYPES_H 1
| #define HAVE_STDINT_H 1
| #define HAVE_UNISTD_H 1
| /* end confdefs.h.  */
| #include <minix/config.h>
configure:5417: result: no
configure:5417: checking for minix/config.h
configure:5417: result: no
configure:5438: checking whether it is safe to define __EXTENSIONS__
configure:5456: gcc -c  -g  conftest.c >&5
configure:5456: $? = 0
configure:5463: result: yes
configure:5523: checking how to print strings
configure:5550: result: printf
configure:5571: checking for a sed that does not truncate output
configure:5635: result: /usr/bin/sed
configure:5653: checking for fgrep
configure:5715: result: /usr/bin/grep -F
configure:5750: checking for ld used by gcc
configure:5817: result: /usr/bin/ld
configure:5824: checking if the linker (/usr/bin/ld) is GNU ld
configure:5839: result: yes
configure:5851: checking for BSD- or MS-compatible name lister (nm)
configure:5905: result: /usr/bin/nm -B
configure:6035: checking the name lister (/usr/bin/nm -B) interface
configure:6042: gcc -c  -g  conftest.c >&5
configure:6045: /usr/bin/nm -B "conftest.o"
configure:6048: output
0000000000000000 B some_variable
configure:6049: result: BSD nm
configure:6053: checking the maximum length of command line arguments
configure:6184: result: 1572864
configure:6232: checking how to convert x86_64-pc-linux-gnu file names to x86_64-pc-linux-gnu format
configure:6272: result: func_convert_file_noop
configure:6279: checking how to convert x86_64-pc-linux-gnu file names to toolchain format
configure:6299: result: func_convert_file_noop
configure:6306: checking for /usr/bin/ld option to reload object files
configure:6313: result: -r
configure:6387: checking for objdump
configure:6403: found /usr/bin/objdump
configure:6414: result: objdump
configure:6446: checking how to recognize dependent libraries
configure:6646: result: pass_all
configure:6731: checking for dlltool
configure:6761: result: no
configure:6791: checking how to associate runtime and link libraries
configure:6818: result: printf %s\n
configure:6878: checking for ar
configure:6894: found /usr/bin/ar
configure:6905: result: ar
configure:6942: checking for archiver @FILE support
configure:6959: gcc -c  -g  conftest.c >&5
configure:6959: $? = 0
configure:6962: ar cr libconftest.a @conftest.lst >&5
configure:6965: $? = 0
configure:6970: ar cr libconftest.a @conftest.lst >&5
ar: conftest.o: No such file or directory
configure:6973: $? = 1
configure:6972: result: @
configure:7030: checking for strip
configure:7046: found /usr/bin/strip
configure:7057: result: strip
configure:7129: checking for ranlib
configure:7145: found /usr/bin/ranlib
configure:7156: result: ranlib
configure:7258: checking command to parse /usr/bin/nm -B output from gcc object
configure:7411: gcc -c  -g  conftest.c >&5
configure:7414: $? = 0
configure:7418: /usr/bin/nm -B conftest.o | sed -n -e 's/^.*[	 ]\([ABCDGIRSTW][ABCDGIRSTW]*\)[	 ][	 ]*\([_A-Za-z][_A-Za-z0-9]*\)$/\1 \2 \2/p' | sed '/ __gnu_lto/d' > conftest.nm
configure:7484: gcc -o conftest  -g   conftest.c conftstm.o >&5
configure:7487: $? = 0
configure:7525: result: ok
configure:7572: checking for sysroot
configure:7602: result: no
configure:7609: checking for a working dd
configure:7647: result: /usr/bin/dd
configure:7651: checking how to truncate binary pipes
configure:7666: result: /usr/bin/dd bs=4096 count=1
configure:7802: gcc -c  -g  conftest.c >&5
configure:7805: $? = 0
configure:7995: checking for mt
configure:8011: found /usr/bin/mt
configure:8022: result: mt
configure:8045: checking if mt is a manifest tool
configure:8051: mt '-?'
configure:8059: result: no
configure:8733: checking for dlfcn.h
configure:8733: gcc -c  -g  conftest.c >&5
configure:8733: $? = 0
configure:8733: result: yes
configure:9000: checking for objdir
configure:9015: result: .libs
configure:9279: checking if gcc supports -fno-rtti -fno-exceptions
configure:9297: gcc -c  -g  -fno-rtti -fno-exceptions conftest.c >&5
cc1: warning: command line option '-fno-rtti' is valid for C++/D/ObjC++ but not for C
configure:9301: $? = 0
configure:9314: result: no
configure:9678: checking for gcc option to produce PIC
configure:9685: result: -fPIC -DPIC
configure:9693: checking if gcc PIC flag -fPIC -DPIC works
configure:9711: gcc -c  -g  -fPIC -DPIC -DPIC conftest.c >&5
configure:9715: $? = 0
configure:9728: result: yes
configure:9757: checking if gcc static flag -static works
configure:9785: result: yes
configure:9800: checking if gcc supports -c -o file.o
configure:9821: gcc -c  -g  -o out/conftest2.o conftest.c >&5
configure:9825: $? = 0
configure:9847: result: yes
configure:9855: checking if gcc supports -c -o file.o
configure:9902: result: yes
configure:9935: checking whether the gcc linker (/usr/bin/ld -m elf_x86_64) supports shared libraries
configure:11198: result: yes
configure:11235: checking whether -lc should be explicitly linked in
configure:11243: gcc -c  -g  conftest.c >&5
configure:11246: $? = 0
configure:11261: gcc -shared  -fPIC -DPIC conftest.o  -v -Wl,-soname -Wl,conftest -o conftest 2\>\&1 \| /usr/bin/grep  -lc  \>/dev/null 2\>\&1
configure:11264: $? = 0
configure:11278: result: no
configure:11438: checking dynamic linker characteristics
configure:12019: gcc -o conftest  -g   -Wl,-rpath -Wl,/foo conftest.c  >&5
configure:12019: $? = 0
configure:12268: result: GNU/Linux ld.so
configure:12390: checking how to hardcode library paths into programs
configure:12415: result: immediate
configure:12963: checking whether stripping libraries is possible
configure:12968: result: yes
configure:13003: checking if libtool supports shared libraries
configure:13005: result: yes
configure:13008: checking whether to build shared libraries
configure:13033: result: yes
configure:13036: checking whether to build static libraries
configure:13040: result: yes
configure:9839: checking how to run the C++ preprocessor
configure:9866: g++ -E  conftest.cpp
configure:9866: $? = 0
configure:9880: g++ -E  conftest.cpp
conftest.cpp:29:10: fatal error: ac_nonexistent.h: No such file or directory
   29 | #include <ac_nonexistent.h>
      |          ^~~~~~~~~~~~~~~~~~
compilation terminated.
configure:9880: $? = 1
configure: failed program was:
| /* confdefs.h */
| #define PACKAGE_NAME "tpm2-tss"
| #define PACKAGE_TARNAME "tpm2-tss"
| #define PACKAGE_VERSION "4.0.1-dirty"
| #define PACKAGE_STRING "tpm2-tss 4.0.1-dirty"
| #define PACKAGE_BUGREPORT "https://github.com/tpm2-software/tpm2-tss/issues"
| #define PACKAGE_URL "https://github.com/tpm2-software/tpm2-tss"
| #define PACKAGE "tpm2-tss"
| #define VERSION "4.0.1-dirty"
| #define NDEBUG 1
| #define STDC_HEADERS 1
| #define HAVE_SYS_TYPES_H 1
| #define HAVE_SYS_STAT_H 1
| #define HAVE_STDLIB_H 1
| #define HAVE_STRING_H 1
| #define HAVE_MEMORY_H 1
| #define HAVE_STRINGS_H 1
| #define HAVE_INTTYPES_H 1
| #define HAVE_STDINT_H 1
| #define HAVE_UNISTD_H 1
| #define __EXTENSIONS__ 1
| #define _ALL_SOURCE 1
| #define _GNU_SOURCE 1
| #define _POSIX_PTHREAD_SEMANTICS 1
| #define _TANDEM_SOURCE 1
| #define HAVE_DLFCN_H 1
| #define LT_OBJDIR ".libs/"
| /* end confdefs.h.  */
| #include <ac_nonexistent.h>
configure:9905: result: g++ -E
configure:9925: g++ -E  conftest.cpp
configure:9925: $? = 0
configure:9939: g++ -E  conftest.cpp
conftest.cpp:29:10: fatal error: ac_nonexistent.h: No such file or directory
   29 | #include <ac_nonexistent.h>
      |          ^~~~~~~~~~~~~~~~~~
compilation terminated.
configure:9939: $? = 1
configure: failed program was:
| /* confdefs.h */
| #define PACKAGE_NAME "tpm2-tss"
| #define PACKAGE_TARNAME "tpm2-tss"
| #define PACKAGE_VERSION "4.0.1-dirty"
| #define PACKAGE_STRING "tpm2-tss 4.0.1-dirty"
| #define PACKAGE_BUGREPORT "https://github.com/tpm2-software/tpm2-tss/issues"
| #define PACKAGE_URL "https://github.com/tpm2-software/tpm2-tss"
| #define PACKAGE "tpm2-tss"
| #define VERSION "4.0.1-dirty"
| #define NDEBUG 1
| #define STDC_HEADERS 1
| #define HAVE_SYS_TYPES_H 1
| #define HAVE_SYS_STAT_H 1
| #define HAVE_STDLIB_H 1
| #define HAVE_STRING_H 1
| #define HAVE_MEMORY_H 1
| #define HAVE_STRINGS_H 1
| #define HAVE_INTTYPES_H 1
| #define HAVE_STDINT_H 1
| #define HAVE_UNISTD_H 1
| #define __EXTENSIONS__ 1
| #define _ALL_SOURCE 1
| #define _GNU_SOURCE 1
| #define _POSIX_PTHREAD_SEMANTICS 1
| #define _TANDEM_SOURCE 1
| #define HAVE_DLFCN_H 1
| #define LT_OBJDIR ".libs/"
| /* end confdefs.h.  */
| #include <ac_nonexistent.h>
configure:10101: checking for ld used by g++
configure:10168: result: /usr/bin/ld -m elf_x86_64
configure:10175: checking if the linker (/usr/bin/ld -m elf_x86_64) is GNU ld
configure:10190: result: yes
configure:10245: checking whether the g++ linker (/usr/bin/ld -m elf_x86_64) supports shared libraries
configure:11318: result: yes
configure:11354: g++ -c  -g  conftest.cpp >&5
configure:11357: $? = 0
configure:11838: checking for g++ option to produce PIC
configure:11845: result: -fPIC -DPIC
configure:11853: checking if g++ PIC flag -fPIC -DPIC works
configure:11871: g++ -c  -g  -fPIC -DPIC -DPIC conftest.cpp >&5
configure:11875: $? = 0
configure:11888: result: yes
configure:11911: checking if g++ static flag -static works
configure:11939: result: yes
configure:11951: checking if g++ supports -c -o file.o
configure:11972: g++ -c  -g  -o out/conftest2.o conftest.cpp >&5
configure:11976: $? = 0
configure:11998: result: yes
configure:12003: checking if g++ supports -c -o file.o
configure:12050: result: yes
configure:12080: checking whether the g++ linker (/usr/bin/ld -m elf_x86_64) supports shared libraries
configure:12123: result: yes
configure:12264: checking dynamic linker characteristics
configure:13021: result: GNU/Linux ld.so
configure:13086: checking how to hardcode library paths into programs
configure:13111: result: immediate
configure:12016: checking for library containing dlopen
configure:12047: gcc -o conftest  -g   conftest.c  >&5
/usr/bin/ld: /tmp/ccv92bZ5.o: in function `main':
/home/vien/tpm2-tss/conftest.c:40: undefined reference to `dlopen'
collect2: error: ld returned 1 exit status
configure:12047: $? = 1
configure: failed program was:
| /* confdefs.h */
| #define PACKAGE_NAME "tpm2-tss"
| #define PACKAGE_TARNAME "tpm2-tss"
| #define PACKAGE_VERSION "4.0.1-dirty"
| #define PACKAGE_STRING "tpm2-tss 4.0.1-dirty"
| #define PACKAGE_BUGREPORT "https://github.com/tpm2-software/tpm2-tss/issues"
| #define PACKAGE_URL "https://github.com/tpm2-software/tpm2-tss"
| #define PACKAGE "tpm2-tss"
| #define VERSION "4.0.1-dirty"
| #define NDEBUG 1
| #define STDC_HEADERS 1
| #define HAVE_SYS_TYPES_H 1
| #define HAVE_SYS_STAT_H 1
| #define HAVE_STDLIB_H 1
| #define HAVE_STRING_H 1
| #define HAVE_MEMORY_H 1
| #define HAVE_STRINGS_H 1
| #define HAVE_INTTYPES_H 1
| #define HAVE_STDINT_H 1
| #define HAVE_UNISTD_H 1
| #define __EXTENSIONS__ 1
| #define _ALL_SOURCE 1
| #define _GNU_SOURCE 1
| #define _POSIX_PTHREAD_SEMANTICS 1
| #define _TANDEM_SOURCE 1
| #define HAVE_DLFCN_H 1
| #define LT_OBJDIR ".libs/"
| /* end confdefs.h.  */
| 
| /* Override any GCC internal prototype to avoid an error.
|    Use char because int might match the return type of a GCC
|    builtin and then its argument prototype would still apply.  */
| #ifdef __cplusplus
| extern "C"
| #endif
| char dlopen ();
| int
| main ()
| {
| return dlopen ();
|   ;
|   return 0;
| }
configure:12047: gcc -o conftest  -g   conftest.c -ldl   >&5
configure:12047: $? = 0
configure:12064: result: -ldl
configure:12154: checking for dlerror
configure:12154: gcc -o conftest  -g   conftest.c -ldl  -ldl >&5
configure:12154: $? = 0
configure:12154: result: yes
configure:12168: checking for shl_load
configure:12168: gcc -o conftest  -g   conftest.c -ldl  >&5
/usr/bin/ld: /tmp/ccWt2RsL.o: in function `main':
/home/vien/tpm2-tss/conftest.c:65: undefined reference to `shl_load'
collect2: error: ld returned 1 exit status
configure:12168: $? = 1
configure: failed program was:
| /* confdefs.h */
| #define PACKAGE_NAME "tpm2-tss"
| #define PACKAGE_TARNAME "tpm2-tss"
| #define PACKAGE_VERSION "4.0.1-dirty"
| #define PACKAGE_STRING "tpm2-tss 4.0.1-dirty"
| #define PACKAGE_BUGREPORT "https://github.com/tpm2-software/tpm2-tss/issues"
| #define PACKAGE_URL "https://github.com/tpm2-software/tpm2-tss"
| #define PACKAGE "tpm2-tss"
| #define VERSION "4.0.1-dirty"
| #define NDEBUG 1
| #define STDC_HEADERS 1
| #define HAVE_SYS_TYPES_H 1
| #define HAVE_SYS_STAT_H 1
| #define HAVE_STDLIB_H 1
| #define HAVE_STRING_H 1
| #define HAVE_MEMORY_H 1
| #define HAVE_STRINGS_H 1
| #define HAVE_INTTYPES_H 1
| #define HAVE_STDINT_H 1
| #define HAVE_UNISTD_H 1
| #define __EXTENSIONS__ 1
| #define _ALL_SOURCE 1
| #define _GNU_SOURCE 1
| #define _POSIX_PTHREAD_SEMANTICS 1
| #define _TANDEM_SOURCE 1
| #define HAVE_DLFCN_H 1
| #define LT_OBJDIR ".libs/"
| #define HAVE_LIBDL 1
| #define HAVE_DLERROR 1
| /* end confdefs.h.  */
| /* Define shl_load to an innocuous variant, in case <limits.h> declares shl_load.
|    For example, HP-UX 11i <limits.h> declares gettimeofday.  */
| #define shl_load innocuous_shl_load
| 
| /* System header to define __stub macros and hopefully few prototypes,
|     which can conflict with char shl_load (); below.
|     Prefer <limits.h> to <assert.h> if __STDC__ is defined, since
|     <limits.h> exists even on freestanding compilers.  */
| 
| #ifdef __STDC__
| # include <limits.h>
| #else
| # include <assert.h>
| #endif
| 
| #undef shl_load
| 
| /* Override any GCC internal prototype to avoid an error.
|    Use char because int might match the return type of a GCC
|    builtin and then its argument prototype would still apply.  */
| #ifdef __cplusplus
| extern "C"
| #endif
| char shl_load ();
| /* The GNU C library defines this for functions which it implements
|     to always fail with ENOSYS.  Some functions are actually named
|     something starting with __ and the normal name is an alias.  */
| #if defined __stub_shl_load || defined __stub___shl_load
| choke me
| #endif
| 
| int
| main ()
| {
| return shl_load ();
|   ;
|   return 0;
| }
configure:12168: result: no
configure:12175: checking for shl_load in -ldld
configure:12200: gcc -o conftest  -g   conftest.c -ldld  -ldl  >&5
/usr/bin/ld: cannot find -ldld
collect2: error: ld returned 1 exit status
configure:12200: $? = 1
configure: failed program was:
| /* confdefs.h */
| #define PACKAGE_NAME "tpm2-tss"
| #define PACKAGE_TARNAME "tpm2-tss"
| #define PACKAGE_VERSION "4.0.1-dirty"
| #define PACKAGE_STRING "tpm2-tss 4.0.1-dirty"
| #define PACKAGE_BUGREPORT "https://github.com/tpm2-software/tpm2-tss/issues"
| #define PACKAGE_URL "https://github.com/tpm2-software/tpm2-tss"
| #define PACKAGE "tpm2-tss"
| #define VERSION "4.0.1-dirty"
| #define NDEBUG 1
| #define STDC_HEADERS 1
| #define HAVE_SYS_TYPES_H 1
| #define HAVE_SYS_STAT_H 1
| #define HAVE_STDLIB_H 1
| #define HAVE_STRING_H 1
| #define HAVE_MEMORY_H 1
| #define HAVE_STRINGS_H 1
| #define HAVE_INTTYPES_H 1
| #define HAVE_STDINT_H 1
| #define HAVE_UNISTD_H 1
| #define __EXTENSIONS__ 1
| #define _ALL_SOURCE 1
| #define _GNU_SOURCE 1
| #define _POSIX_PTHREAD_SEMANTICS 1
| #define _TANDEM_SOURCE 1
| #define HAVE_DLFCN_H 1
| #define LT_OBJDIR ".libs/"
| #define HAVE_LIBDL 1
| #define HAVE_DLERROR 1
| /* end confdefs.h.  */
| 
| /* Override any GCC internal prototype to avoid an error.
|    Use char because int might match the return type of a GCC
|    builtin and then its argument prototype would still apply.  */
| #ifdef __cplusplus
| extern "C"
| #endif
| char shl_load ();
| int
| main ()
| {
| return shl_load ();
|   ;
|   return 0;
| }
configure:12209: result: no
configure:12255: checking for dld_link in -ldld
configure:12280: gcc -o conftest  -g   conftest.c -ldld  -ldl  >&5
/usr/bin/ld: cannot find -ldld
collect2: error: ld returned 1 exit status
configure:12280: $? = 1
configure: failed program was:
| /* confdefs.h */
| #define PACKAGE_NAME "tpm2-tss"
| #define PACKAGE_TARNAME "tpm2-tss"
| #define PACKAGE_VERSION "4.0.1-dirty"
| #define PACKAGE_STRING "tpm2-tss 4.0.1-dirty"
| #define PACKAGE_BUGREPORT "https://github.com/tpm2-software/tpm2-tss/issues"
| #define PACKAGE_URL "https://github.com/tpm2-software/tpm2-tss"
| #define PACKAGE "tpm2-tss"
| #define VERSION "4.0.1-dirty"
| #define NDEBUG 1
| #define STDC_HEADERS 1
| #define HAVE_SYS_TYPES_H 1
| #define HAVE_SYS_STAT_H 1
| #define HAVE_STDLIB_H 1
| #define HAVE_STRING_H 1
| #define HAVE_MEMORY_H 1
| #define HAVE_STRINGS_H 1
| #define HAVE_INTTYPES_H 1
| #define HAVE_STDINT_H 1
| #define HAVE_UNISTD_H 1
| #define __EXTENSIONS__ 1
| #define _ALL_SOURCE 1
| #define _GNU_SOURCE 1
| #define _POSIX_PTHREAD_SEMANTICS 1
| #define _TANDEM_SOURCE 1
| #define HAVE_DLFCN_H 1
| #define LT_OBJDIR ".libs/"
| #define HAVE_LIBDL 1
| #define HAVE_DLERROR 1
| /* end confdefs.h.  */
| 
| /* Override any GCC internal prototype to avoid an error.
|    Use char because int might match the return type of a GCC
|    builtin and then its argument prototype would still apply.  */
| #ifdef __cplusplus
| extern "C"
| #endif
| char dld_link ();
| int
| main ()
| {
| return dld_link ();
|   ;
|   return 0;
| }
configure:12289: result: no
configure:12582: checking for pkg-config
configure:12600: found /usr/bin/pkg-config
configure:12612: result: /usr/bin/pkg-config
configure:12637: checking pkg-config is at least version 0.9.0
configure:12640: result: yes
configure:12752: checking for strndup
configure:12752: gcc -o conftest  -g   conftest.c  >&5
conftest.c:56:6: warning: conflicting types for built-in function 'strndup'; expected 'char *(const char *, long unsigned int)' [-Wbuiltin-declaration-mismatch]
   56 | char strndup ();
      |      ^~~~~~~
configure:12752: $? = 0
configure:12752: result: yes
configure:12761: checking for reallocarray
configure:12761: gcc -o conftest  -g   conftest.c  >&5
configure:12761: $? = 0
configure:12761: result: yes
configure:12881: checking for CRYPTO
configure:12888: $PKG_CONFIG --exists --print-errors "libcrypto >= 1.1.0"
configure:12891: $? = 0
configure:12905: $PKG_CONFIG --exists --print-errors "libcrypto >= 1.1.0"
configure:12908: $? = 0
configure:12946: result: yes
configure:12953: checking for EVP_sm3 in -lcrypto
configure:12978: gcc -o conftest  -g   conftest.c -lcrypto   >&5
configure:12978: $? = 0
configure:12987: result: yes
configure:13042: checking for JSONC
configure:13049: $PKG_CONFIG --exists --print-errors "json-c"
configure:13052: $? = 0
configure:13066: $PKG_CONFIG --exists --print-errors "json-c"
configure:13069: $? = 0
configure:13127: result: yes
configure:13136: checking for CURL
configure:13143: $PKG_CONFIG --exists --print-errors "libcurl"
configure:13146: $? = 0
configure:13160: $PKG_CONFIG --exists --print-errors "libcurl"
configure:13163: $? = 0
configure:13221: result: yes
configure:13226: checking for curl_url_strerror in -lcurl
configure:13251: gcc -o conftest  -g   conftest.c -lcurl   >&5
/usr/bin/ld: /tmp/ccDyGExb.o: in function `main':
/home/vien/tpm2-tss/conftest.c:47: undefined reference to `curl_url_strerror'
collect2: error: ld returned 1 exit status
configure:13251: $? = 1
configure: failed program was:
| /* confdefs.h */
| #define PACKAGE_NAME "tpm2-tss"
| #define PACKAGE_TARNAME "tpm2-tss"
| #define PACKAGE_VERSION "4.0.1-dirty"
| #define PACKAGE_STRING "tpm2-tss 4.0.1-dirty"
| #define PACKAGE_BUGREPORT "https://github.com/tpm2-software/tpm2-tss/issues"
| #define PACKAGE_URL "https://github.com/tpm2-software/tpm2-tss"
| #define PACKAGE "tpm2-tss"
| #define VERSION "4.0.1-dirty"
| #define NDEBUG 1
| #define STDC_HEADERS 1
| #define HAVE_SYS_TYPES_H 1
| #define HAVE_SYS_STAT_H 1
| #define HAVE_STDLIB_H 1
| #define HAVE_STRING_H 1
| #define HAVE_MEMORY_H 1
| #define HAVE_STRINGS_H 1
| #define HAVE_INTTYPES_H 1
| #define HAVE_STDINT_H 1
| #define HAVE_UNISTD_H 1
| #define __EXTENSIONS__ 1
| #define _ALL_SOURCE 1
| #define _GNU_SOURCE 1
| #define _POSIX_PTHREAD_SEMANTICS 1
| #define _TANDEM_SOURCE 1
| #define HAVE_DLFCN_H 1
| #define LT_OBJDIR ".libs/"
| #define HAVE_LIBDL 1
| #define HAVE_DLERROR 1
| #define HAVE_LIBDLLOADER 1
| #define SYSCONFDIR "/usr/local/etc"
| #define HAVE_REALLOCARRAY 1
| #define OSSL 1
| #define HAVE_EVP_SM3 1
| /* end confdefs.h.  */
| 
| /* Override any GCC internal prototype to avoid an error.
|    Use char because int might match the return type of a GCC
|    builtin and then its argument prototype would still apply.  */
| #ifdef __cplusplus
| extern "C"
| #endif
| char curl_url_strerror ();
| int
| main ()
| {
| return curl_url_strerror ();
|   ;
|   return 0;
| }
configure:13260: result: no
configure:13272: checking for UUID
configure:13279: $PKG_CONFIG --exists --print-errors "uuid"
configure:13282: $? = 0
configure:13296: $PKG_CONFIG --exists --print-errors "uuid"
configure:13299: $? = 0
configure:13357: result: yes
configure:13479: checking libtpms/tpm_library.h usability
configure:13479: gcc -c  -g  conftest.c >&5
conftest.c:72:10: fatal error: libtpms/tpm_library.h: No such file or directory
   72 | #include <libtpms/tpm_library.h>
      |          ^~~~~~~~~~~~~~~~~~~~~~~
compilation terminated.
configure:13479: $? = 1
configure: failed program was:
| /* confdefs.h */
| #define PACKAGE_NAME "tpm2-tss"
| #define PACKAGE_TARNAME "tpm2-tss"
| #define PACKAGE_VERSION "4.0.1-dirty"
| #define PACKAGE_STRING "tpm2-tss 4.0.1-dirty"
| #define PACKAGE_BUGREPORT "https://github.com/tpm2-software/tpm2-tss/issues"
| #define PACKAGE_URL "https://github.com/tpm2-software/tpm2-tss"
| #define PACKAGE "tpm2-tss"
| #define VERSION "4.0.1-dirty"
| #define NDEBUG 1
| #define STDC_HEADERS 1
| #define HAVE_SYS_TYPES_H 1
| #define HAVE_SYS_STAT_H 1
| #define HAVE_STDLIB_H 1
| #define HAVE_STRING_H 1
| #define HAVE_MEMORY_H 1
| #define HAVE_STRINGS_H 1
| #define HAVE_INTTYPES_H 1
| #define HAVE_STDINT_H 1
| #define HAVE_UNISTD_H 1
| #define __EXTENSIONS__ 1
| #define _ALL_SOURCE 1
| #define _GNU_SOURCE 1
| #define _POSIX_PTHREAD_SEMANTICS 1
| #define _TANDEM_SOURCE 1
| #define HAVE_DLFCN_H 1
| #define LT_OBJDIR ".libs/"
| #define HAVE_LIBDL 1
| #define HAVE_DLERROR 1
| #define HAVE_LIBDLLOADER 1
| #define SYSCONFDIR "/usr/local/etc"
| #define HAVE_REALLOCARRAY 1
| #define OSSL 1
| #define HAVE_EVP_SM3 1
| #define TCTI_DEVICE 1
| #define TCTI_MSSIM 1
| #define TCTI_SWTPM 1
| /* end confdefs.h.  */
| #include <stdio.h>
| #ifdef HAVE_SYS_TYPES_H
| # include <sys/types.h>
| #endif
| #ifdef HAVE_SYS_STAT_H
| # include <sys/stat.h>
| #endif
| #ifdef STDC_HEADERS
| # include <stdlib.h>
| # include <stddef.h>
| #else
| # ifdef HAVE_STDLIB_H
| #  include <stdlib.h>
| # endif
| #endif
| #ifdef HAVE_STRING_H
| # if !defined STDC_HEADERS && defined HAVE_MEMORY_H
| #  include <memory.h>
| # endif
| # include <string.h>
| #endif
| #ifdef HAVE_STRINGS_H
| # include <strings.h>
| #endif
| #ifdef HAVE_INTTYPES_H
| # include <inttypes.h>
| #endif
| #ifdef HAVE_STDINT_H
| # include <stdint.h>
| #endif
| #ifdef HAVE_UNISTD_H
| # include <unistd.h>
| #endif
| #include <libtpms/tpm_library.h>
configure:13479: result: no
configure:13479: checking libtpms/tpm_library.h presence
configure:13479: gcc -E  conftest.c
conftest.c:39:10: fatal error: libtpms/tpm_library.h: No such file or directory
   39 | #include <libtpms/tpm_library.h>
      |          ^~~~~~~~~~~~~~~~~~~~~~~
compilation terminated.
configure:13479: $? = 1
configure: failed program was:
| /* confdefs.h */
| #define PACKAGE_NAME "tpm2-tss"
| #define PACKAGE_TARNAME "tpm2-tss"
| #define PACKAGE_VERSION "4.0.1-dirty"
| #define PACKAGE_STRING "tpm2-tss 4.0.1-dirty"
| #define PACKAGE_BUGREPORT "https://github.com/tpm2-software/tpm2-tss/issues"
| #define PACKAGE_URL "https://github.com/tpm2-software/tpm2-tss"
| #define PACKAGE "tpm2-tss"
| #define VERSION "4.0.1-dirty"
| #define NDEBUG 1
| #define STDC_HEADERS 1
| #define HAVE_SYS_TYPES_H 1
| #define HAVE_SYS_STAT_H 1
| #define HAVE_STDLIB_H 1
| #define HAVE_STRING_H 1
| #define HAVE_MEMORY_H 1
| #define HAVE_STRINGS_H 1
| #define HAVE_INTTYPES_H 1
| #define HAVE_STDINT_H 1
| #define HAVE_UNISTD_H 1
| #define __EXTENSIONS__ 1
| #define _ALL_SOURCE 1
| #define _GNU_SOURCE 1
| #define _POSIX_PTHREAD_SEMANTICS 1
| #define _TANDEM_SOURCE 1
| #define HAVE_DLFCN_H 1
| #define LT_OBJDIR ".libs/"
| #define HAVE_LIBDL 1
| #define HAVE_DLERROR 1
| #define HAVE_LIBDLLOADER 1
| #define SYSCONFDIR "/usr/local/etc"
| #define HAVE_REALLOCARRAY 1
| #define OSSL 1
| #define HAVE_EVP_SM3 1
| #define TCTI_DEVICE 1
| #define TCTI_MSSIM 1
| #define TCTI_SWTPM 1
| /* end confdefs.h.  */
| #include <libtpms/tpm_library.h>
configure:13479: result: no
configure:13479: checking for libtpms/tpm_library.h
configure:13479: result: no
configure:13484: WARNING: library libtpms missing
configure:14858: checking for valgrind
configure:14874: found /usr/local/bin/valgrind
configure:14885: result: valgrind
configure:14939: checking for Valgrind tool memcheck
configure:14954: result: yes
configure:14995: checking for Valgrind tool helgrind
configure:15010: result: yes
configure:15051: checking for Valgrind tool drd
configure:15066: result: yes
configure:15107: checking for Valgrind tool sgcheck
configure:15122: result: no
configure:15254: checking if LD -Wl,--version-script works
configure:15274: gcc -o conftest  -g   -Wl,--version-script=conftest.map conftest.c  >&5
/usr/bin/ld:conftest.map:0: syntax error in VERSION script
collect2: error: ld returned 1 exit status
configure:15274: $? = 1
configure: failed program was:
| /* confdefs.h */
| #define PACKAGE_NAME "tpm2-tss"
| #define PACKAGE_TARNAME "tpm2-tss"
| #define PACKAGE_VERSION "4.0.1-dirty"
| #define PACKAGE_STRING "tpm2-tss 4.0.1-dirty"
| #define PACKAGE_BUGREPORT "https://github.com/tpm2-software/tpm2-tss/issues"
| #define PACKAGE_URL "https://github.com/tpm2-software/tpm2-tss"
| #define PACKAGE "tpm2-tss"
| #define VERSION "4.0.1-dirty"
| #define NDEBUG 1
| #define STDC_HEADERS 1
| #define HAVE_SYS_TYPES_H 1
| #define HAVE_SYS_STAT_H 1
| #define HAVE_STDLIB_H 1
| #define HAVE_STRING_H 1
| #define HAVE_MEMORY_H 1
| #define HAVE_STRINGS_H 1
| #define HAVE_INTTYPES_H 1
| #define HAVE_STDINT_H 1
| #define HAVE_UNISTD_H 1
| #define __EXTENSIONS__ 1
| #define _ALL_SOURCE 1
| #define _GNU_SOURCE 1
| #define _POSIX_PTHREAD_SEMANTICS 1
| #define _TANDEM_SOURCE 1
| #define HAVE_DLFCN_H 1
| #define LT_OBJDIR ".libs/"
| #define HAVE_LIBDL 1
| #define HAVE_DLERROR 1
| #define HAVE_LIBDLLOADER 1
| #define SYSCONFDIR "/usr/local/etc"
| #define HAVE_REALLOCARRAY 1
| #define OSSL 1
| #define HAVE_EVP_SM3 1
| #define TCTI_DEVICE 1
| #define TCTI_MSSIM 1
| #define TCTI_SWTPM 1
| #define TCTI_CMD 1
| #define TCTI_SPI_HELPER 1
| /* end confdefs.h.  */
| 
| int
| main ()
| {
| 
|   ;
|   return 0;
| }
configure:15297: gcc -o conftest  -g   -Wl,--version-script=conftest.map conftest.c  >&5
configure:15297: $? = 0
configure:15308: result: yes
configure:15479: checking whether C compiler accepts -std=c99
configure:15500: gcc -c  -g
        -Wall -
     -std=c99  conftest.c >&5
gcc: error: -E or -x required when input is from standard input
configure:15500: $? = 1
configure: failed program was:
| /* confdefs.h */
| #define PACKAGE_NAME "tpm2-tss"
| #define PACKAGE_TARNAME "tpm2-tss"
| #define PACKAGE_VERSION "4.0.1-dirty"
| #define PACKAGE_STRING "tpm2-tss 4.0.1-dirty"
| #define PACKAGE_BUGREPORT "https://github.com/tpm2-software/tpm2-tss/issues"
| #define PACKAGE_URL "https://github.com/tpm2-software/tpm2-tss"
| #define PACKAGE "tpm2-tss"
| #define VERSION "4.0.1-dirty"
| #define NDEBUG 1
| #define STDC_HEADERS 1
| #define HAVE_SYS_TYPES_H 1
| #define HAVE_SYS_STAT_H 1
| #define HAVE_STDLIB_H 1
| #define HAVE_STRING_H 1
| #define HAVE_MEMORY_H 1
| #define HAVE_STRINGS_H 1
| #define HAVE_INTTYPES_H 1
| #define HAVE_STDINT_H 1
| #define HAVE_UNISTD_H 1
| #define __EXTENSIONS__ 1
| #define _ALL_SOURCE 1
| #define _GNU_SOURCE 1
| #define _POSIX_PTHREAD_SEMANTICS 1
| #define _TANDEM_SOURCE 1
| #define HAVE_DLFCN_H 1
| #define LT_OBJDIR ".libs/"
| #define HAVE_LIBDL 1
| #define HAVE_DLERROR 1
| #define HAVE_LIBDLLOADER 1
| #define SYSCONFDIR "/usr/local/etc"
| #define HAVE_REALLOCARRAY 1
| #define OSSL 1
| #define HAVE_EVP_SM3 1
| #define TCTI_DEVICE 1
| #define TCTI_MSSIM 1
| #define TCTI_SWTPM 1
| #define TCTI_CMD 1
| #define TCTI_SPI_HELPER 1
| #define LOG_FILE_ENABLED 1
| #define MAXLOGLEVEL 5
| /* end confdefs.h.  */
| 
| int
| main ()
| {
| 
|   ;
|   return 0;
| }
configure:15508: result: no
configure:15518: WARNING: Optional CFLAG "-std=c99" not supported by your compiler, continuing.
configure:15529: checking whether C compiler accepts -Wall
configure:15550: gcc -c  -g
        -Wall -
     -Wall  conftest.c >&5
gcc: error: -E or -x required when input is from standard input
configure:15550: $? = 1
configure: failed program was:
| /* confdefs.h */
| #define PACKAGE_NAME "tpm2-tss"
| #define PACKAGE_TARNAME "tpm2-tss"
| #define PACKAGE_VERSION "4.0.1-dirty"
| #define PACKAGE_STRING "tpm2-tss 4.0.1-dirty"
| #define PACKAGE_BUGREPORT "https://github.com/tpm2-software/tpm2-tss/issues"
| #define PACKAGE_URL "https://github.com/tpm2-software/tpm2-tss"
| #define PACKAGE "tpm2-tss"
| #define VERSION "4.0.1-dirty"
| #define NDEBUG 1
| #define STDC_HEADERS 1
| #define HAVE_SYS_TYPES_H 1
| #define HAVE_SYS_STAT_H 1
| #define HAVE_STDLIB_H 1
| #define HAVE_STRING_H 1
| #define HAVE_MEMORY_H 1
| #define HAVE_STRINGS_H 1
| #define HAVE_INTTYPES_H 1
| #define HAVE_STDINT_H 1
| #define HAVE_UNISTD_H 1
| #define __EXTENSIONS__ 1
| #define _ALL_SOURCE 1
| #define _GNU_SOURCE 1
| #define _POSIX_PTHREAD_SEMANTICS 1
| #define _TANDEM_SOURCE 1
| #define HAVE_DLFCN_H 1
| #define LT_OBJDIR ".libs/"
| #define HAVE_LIBDL 1
| #define HAVE_DLERROR 1
| #define HAVE_LIBDLLOADER 1
| #define SYSCONFDIR "/usr/local/etc"
| #define HAVE_REALLOCARRAY 1
| #define OSSL 1
| #define HAVE_EVP_SM3 1
| #define TCTI_DEVICE 1
| #define TCTI_MSSIM 1
| #define TCTI_SWTPM 1
| #define TCTI_CMD 1
| #define TCTI_SPI_HELPER 1
| #define LOG_FILE_ENABLED 1
| #define MAXLOGLEVEL 5
| /* end confdefs.h.  */
| 
| int
| main ()
| {
| 
|   ;
|   return 0;
| }
configure:15558: result: no
configure:15568: WARNING: Optional CFLAG "-Wall" not supported by your compiler, continuing.
configure:15579: checking whether C compiler accepts -Wextra
configure:15600: gcc -c  -g
        -Wall -
     -Wextra  conftest.c >&5
gcc: error: -E or -x required when input is from standard input
configure:15600: $? = 1
configure: failed program was:
| /* confdefs.h */
| #define PACKAGE_NAME "tpm2-tss"
| #define PACKAGE_TARNAME "tpm2-tss"
| #define PACKAGE_VERSION "4.0.1-dirty"
| #define PACKAGE_STRING "tpm2-tss 4.0.1-dirty"
| #define PACKAGE_BUGREPORT "https://github.com/tpm2-software/tpm2-tss/issues"
| #define PACKAGE_URL "https://github.com/tpm2-software/tpm2-tss"
| #define PACKAGE "tpm2-tss"
| #define VERSION "4.0.1-dirty"
| #define NDEBUG 1
| #define STDC_HEADERS 1
| #define HAVE_SYS_TYPES_H 1
| #define HAVE_SYS_STAT_H 1
| #define HAVE_STDLIB_H 1
| #define HAVE_STRING_H 1
| #define HAVE_MEMORY_H 1
| #define HAVE_STRINGS_H 1
| #define HAVE_INTTYPES_H 1
| #define HAVE_STDINT_H 1
| #define HAVE_UNISTD_H 1
| #define __EXTENSIONS__ 1
| #define _ALL_SOURCE 1
| #define _GNU_SOURCE 1
| #define _POSIX_PTHREAD_SEMANTICS 1
| #define _TANDEM_SOURCE 1
| #define HAVE_DLFCN_H 1
| #define LT_OBJDIR ".libs/"
| #define HAVE_LIBDL 1
| #define HAVE_DLERROR 1
| #define HAVE_LIBDLLOADER 1
| #define SYSCONFDIR "/usr/local/etc"
| #define HAVE_REALLOCARRAY 1
| #define OSSL 1
| #define HAVE_EVP_SM3 1
| #define TCTI_DEVICE 1
| #define TCTI_MSSIM 1
| #define TCTI_SWTPM 1
| #define TCTI_CMD 1
| #define TCTI_SPI_HELPER 1
| #define LOG_FILE_ENABLED 1
| #define MAXLOGLEVEL 5
| /* end confdefs.h.  */
| 
| int
| main ()
| {
| 
|   ;
|   return 0;
| }
configure:15608: result: no
configure:15618: WARNING: Optional CFLAG "-Wextra" not supported by your compiler, continuing.
configure:15629: checking whether C compiler accepts -Wformat-security
configure:15650: gcc -c  -g
        -Wall -
     -Wformat-security  conftest.c >&5
gcc: error: -E or -x required when input is from standard input
configure:15650: $? = 1
configure: failed program was:
| /* confdefs.h */
| #define PACKAGE_NAME "tpm2-tss"
| #define PACKAGE_TARNAME "tpm2-tss"
| #define PACKAGE_VERSION "4.0.1-dirty"
| #define PACKAGE_STRING "tpm2-tss 4.0.1-dirty"
| #define PACKAGE_BUGREPORT "https://github.com/tpm2-software/tpm2-tss/issues"
| #define PACKAGE_URL "https://github.com/tpm2-software/tpm2-tss"
| #define PACKAGE "tpm2-tss"
| #define VERSION "4.0.1-dirty"
| #define NDEBUG 1
| #define STDC_HEADERS 1
| #define HAVE_SYS_TYPES_H 1
| #define HAVE_SYS_STAT_H 1
| #define HAVE_STDLIB_H 1
| #define HAVE_STRING_H 1
| #define HAVE_MEMORY_H 1
| #define HAVE_STRINGS_H 1
| #define HAVE_INTTYPES_H 1
| #define HAVE_STDINT_H 1
| #define HAVE_UNISTD_H 1
| #define __EXTENSIONS__ 1
| #define _ALL_SOURCE 1
| #define _GNU_SOURCE 1
| #define _POSIX_PTHREAD_SEMANTICS 1
| #define _TANDEM_SOURCE 1
| #define HAVE_DLFCN_H 1
| #define LT_OBJDIR ".libs/"
| #define HAVE_LIBDL 1
| #define HAVE_DLERROR 1
| #define HAVE_LIBDLLOADER 1
| #define SYSCONFDIR "/usr/local/etc"
| #define HAVE_REALLOCARRAY 1
| #define OSSL 1
| #define HAVE_EVP_SM3 1
| #define TCTI_DEVICE 1
| #define TCTI_MSSIM 1
| #define TCTI_SWTPM 1
| #define TCTI_CMD 1
| #define TCTI_SPI_HELPER 1
| #define LOG_FILE_ENABLED 1
| #define MAXLOGLEVEL 5
| /* end confdefs.h.  */
| 
| int
| main ()
| {
| 
|   ;
|   return 0;
| }
configure:15658: result: no
configure:15668: WARNING: Optional CFLAG "-Wformat-security" not supported by your compiler, continuing.
configure:15680: checking whether C compiler accepts -
configure:15701: gcc -c  -g
        -Wall -
     -  conftest.c >&5
gcc: error: -E or -x required when input is from standard input
gcc: error: -E or -x required when input is from standard input
configure:15701: $? = 1
configure: failed program was:
| /* confdefs.h */
| #define PACKAGE_NAME "tpm2-tss"
| #define PACKAGE_TARNAME "tpm2-tss"
| #define PACKAGE_VERSION "4.0.1-dirty"
| #define PACKAGE_STRING "tpm2-tss 4.0.1-dirty"
| #define PACKAGE_BUGREPORT "https://github.com/tpm2-software/tpm2-tss/issues"
| #define PACKAGE_URL "https://github.com/tpm2-software/tpm2-tss"
| #define PACKAGE "tpm2-tss"
| #define VERSION "4.0.1-dirty"
| #define NDEBUG 1
| #define STDC_HEADERS 1
| #define HAVE_SYS_TYPES_H 1
| #define HAVE_SYS_STAT_H 1
| #define HAVE_STDLIB_H 1
| #define HAVE_STRING_H 1
| #define HAVE_MEMORY_H 1
| #define HAVE_STRINGS_H 1
| #define HAVE_INTTYPES_H 1
| #define HAVE_STDINT_H 1
| #define HAVE_UNISTD_H 1
| #define __EXTENSIONS__ 1
| #define _ALL_SOURCE 1
| #define _GNU_SOURCE 1
| #define _POSIX_PTHREAD_SEMANTICS 1
| #define _TANDEM_SOURCE 1
| #define HAVE_DLFCN_H 1
| #define LT_OBJDIR ".libs/"
| #define HAVE_LIBDL 1
| #define HAVE_DLERROR 1
| #define HAVE_LIBDLLOADER 1
| #define SYSCONFDIR "/usr/local/etc"
| #define HAVE_REALLOCARRAY 1
| #define OSSL 1
| #define HAVE_EVP_SM3 1
| #define TCTI_DEVICE 1
| #define TCTI_MSSIM 1
| #define TCTI_SWTPM 1
| #define TCTI_CMD 1
| #define TCTI_SPI_HELPER 1
| #define LOG_FILE_ENABLED 1
| #define MAXLOGLEVEL 5
| /* end confdefs.h.  */
| 
| int
| main ()
| {
| 
|   ;
|   return 0;
| }
configure:15709: result: no
configure:15719: WARNING: Optional CFLAG "-" not supported by your compiler, continuing.
configure:15731: checking whether C compiler accepts -fstack-protector-all
configure:15752: gcc -c  -g
        -Wall -
     -fstack-protector-all  conftest.c >&5
gcc: error: -E or -x required when input is from standard input
configure:15752: $? = 1
configure: failed program was:
| /* confdefs.h */
| #define PACKAGE_NAME "tpm2-tss"
| #define PACKAGE_TARNAME "tpm2-tss"
| #define PACKAGE_VERSION "4.0.1-dirty"
| #define PACKAGE_STRING "tpm2-tss 4.0.1-dirty"
| #define PACKAGE_BUGREPORT "https://github.com/tpm2-software/tpm2-tss/issues"
| #define PACKAGE_URL "https://github.com/tpm2-software/tpm2-tss"
| #define PACKAGE "tpm2-tss"
| #define VERSION "4.0.1-dirty"
| #define NDEBUG 1
| #define STDC_HEADERS 1
| #define HAVE_SYS_TYPES_H 1
| #define HAVE_SYS_STAT_H 1
| #define HAVE_STDLIB_H 1
| #define HAVE_STRING_H 1
| #define HAVE_MEMORY_H 1
| #define HAVE_STRINGS_H 1
| #define HAVE_INTTYPES_H 1
| #define HAVE_STDINT_H 1
| #define HAVE_UNISTD_H 1
| #define __EXTENSIONS__ 1
| #define _ALL_SOURCE 1
| #define _GNU_SOURCE 1
| #define _POSIX_PTHREAD_SEMANTICS 1
| #define _TANDEM_SOURCE 1
| #define HAVE_DLFCN_H 1
| #define LT_OBJDIR ".libs/"
| #define HAVE_LIBDL 1
| #define HAVE_DLERROR 1
| #define HAVE_LIBDLLOADER 1
| #define SYSCONFDIR "/usr/local/etc"
| #define HAVE_REALLOCARRAY 1
| #define OSSL 1
| #define HAVE_EVP_SM3 1
| #define TCTI_DEVICE 1
| #define TCTI_MSSIM 1
| #define TCTI_SWTPM 1
| #define TCTI_CMD 1
| #define TCTI_SPI_HELPER 1
| #define LOG_FILE_ENABLED 1
| #define MAXLOGLEVEL 5
| /* end confdefs.h.  */
| 
| int
| main ()
| {
| 
|   ;
|   return 0;
| }
configure:15760: result: no
configure:15770: WARNING: Optional CFLAG "-fstack-protector-all" not supported by your compiler, continuing.
configure:15781: checking whether C compiler accepts -fpic
configure:15802: gcc -c  -g
        -Wall -
     -fpic  conftest.c >&5
gcc: error: -E or -x required when input is from standard input
configure:15802: $? = 1
configure: failed program was:
| /* confdefs.h */
| #define PACKAGE_NAME "tpm2-tss"
| #define PACKAGE_TARNAME "tpm2-tss"
| #define PACKAGE_VERSION "4.0.1-dirty"
| #define PACKAGE_STRING "tpm2-tss 4.0.1-dirty"
| #define PACKAGE_BUGREPORT "https://github.com/tpm2-software/tpm2-tss/issues"
| #define PACKAGE_URL "https://github.com/tpm2-software/tpm2-tss"
| #define PACKAGE "tpm2-tss"
| #define VERSION "4.0.1-dirty"
| #define NDEBUG 1
| #define STDC_HEADERS 1
| #define HAVE_SYS_TYPES_H 1
| #define HAVE_SYS_STAT_H 1
| #define HAVE_STDLIB_H 1
| #define HAVE_STRING_H 1
| #define HAVE_MEMORY_H 1
| #define HAVE_STRINGS_H 1
| #define HAVE_INTTYPES_H 1
| #define HAVE_STDINT_H 1
| #define HAVE_UNISTD_H 1
| #define __EXTENSIONS__ 1
| #define _ALL_SOURCE 1
| #define _GNU_SOURCE 1
| #define _POSIX_PTHREAD_SEMANTICS 1
| #define _TANDEM_SOURCE 1
| #define HAVE_DLFCN_H 1
| #define LT_OBJDIR ".libs/"
| #define HAVE_LIBDL 1
| #define HAVE_DLERROR 1
| #define HAVE_LIBDLLOADER 1
| #define SYSCONFDIR "/usr/local/etc"
| #define HAVE_REALLOCARRAY 1
| #define OSSL 1
| #define HAVE_EVP_SM3 1
| #define TCTI_DEVICE 1
| #define TCTI_MSSIM 1
| #define TCTI_SWTPM 1
| #define TCTI_CMD 1
| #define TCTI_SPI_HELPER 1
| #define LOG_FILE_ENABLED 1
| #define MAXLOGLEVEL 5
| /* end confdefs.h.  */
| 
| int
| main ()
| {
| 
|   ;
|   return 0;
| }
configure:15810: result: no
configure:15820: WARNING: Optional CFLAG "-fpic" not supported by your compiler, continuing.
configure:15831: checking whether C compiler accepts -fPIC
configure:15852: gcc -c  -g
        -Wall -
     -fPIC  conftest.c >&5
gcc: error: -E or -x required when input is from standard input
configure:15852: $? = 1
configure: failed program was:
| /* confdefs.h */
| #define PACKAGE_NAME "tpm2-tss"
| #define PACKAGE_TARNAME "tpm2-tss"
| #define PACKAGE_VERSION "4.0.1-dirty"
| #define PACKAGE_STRING "tpm2-tss 4.0.1-dirty"
| #define PACKAGE_BUGREPORT "https://github.com/tpm2-software/tpm2-tss/issues"
| #define PACKAGE_URL "https://github.com/tpm2-software/tpm2-tss"
| #define PACKAGE "tpm2-tss"
| #define VERSION "4.0.1-dirty"
| #define NDEBUG 1
| #define STDC_HEADERS 1
| #define HAVE_SYS_TYPES_H 1
| #define HAVE_SYS_STAT_H 1
| #define HAVE_STDLIB_H 1
| #define HAVE_STRING_H 1
| #define HAVE_MEMORY_H 1
| #define HAVE_STRINGS_H 1
| #define HAVE_INTTYPES_H 1
| #define HAVE_STDINT_H 1
| #define HAVE_UNISTD_H 1
| #define __EXTENSIONS__ 1
| #define _ALL_SOURCE 1
| #define _GNU_SOURCE 1
| #define _POSIX_PTHREAD_SEMANTICS 1
| #define _TANDEM_SOURCE 1
| #define HAVE_DLFCN_H 1
| #define LT_OBJDIR ".libs/"
| #define HAVE_LIBDL 1
| #define HAVE_DLERROR 1
| #define HAVE_LIBDLLOADER 1
| #define SYSCONFDIR "/usr/local/etc"
| #define HAVE_REALLOCARRAY 1
| #define OSSL 1
| #define HAVE_EVP_SM3 1
| #define TCTI_DEVICE 1
| #define TCTI_MSSIM 1
| #define TCTI_SWTPM 1
| #define TCTI_CMD 1
| #define TCTI_SPI_HELPER 1
| #define LOG_FILE_ENABLED 1
| #define MAXLOGLEVEL 5
| /* end confdefs.h.  */
| 
| int
| main ()
| {
| 
|   ;
|   return 0;
| }
configure:15860: result: no
configure:15870: WARNING: Optional CFLAG "-fPIC" not supported by your compiler, continuing.
configure:15883: checking whether C compiler accepts -Wno-missing-braces
configure:15904: gcc -c  -g
        -Wall -
     -Wno-missing-braces  conftest.c >&5
gcc: error: -E or -x required when input is from standard input
configure:15904: $? = 1
configure: failed program was:
| /* confdefs.h */
| #define PACKAGE_NAME "tpm2-tss"
| #define PACKAGE_TARNAME "tpm2-tss"
| #define PACKAGE_VERSION "4.0.1-dirty"
| #define PACKAGE_STRING "tpm2-tss 4.0.1-dirty"
| #define PACKAGE_BUGREPORT "https://github.com/tpm2-software/tpm2-tss/issues"
| #define PACKAGE_URL "https://github.com/tpm2-software/tpm2-tss"
| #define PACKAGE "tpm2-tss"
| #define VERSION "4.0.1-dirty"
| #define NDEBUG 1
| #define STDC_HEADERS 1
| #define HAVE_SYS_TYPES_H 1
| #define HAVE_SYS_STAT_H 1
| #define HAVE_STDLIB_H 1
| #define HAVE_STRING_H 1
| #define HAVE_MEMORY_H 1
| #define HAVE_STRINGS_H 1
| #define HAVE_INTTYPES_H 1
| #define HAVE_STDINT_H 1
| #define HAVE_UNISTD_H 1
| #define __EXTENSIONS__ 1
| #define _ALL_SOURCE 1
| #define _GNU_SOURCE 1
| #define _POSIX_PTHREAD_SEMANTICS 1
| #define _TANDEM_SOURCE 1
| #define HAVE_DLFCN_H 1
| #define LT_OBJDIR ".libs/"
| #define HAVE_LIBDL 1
| #define HAVE_DLERROR 1
| #define HAVE_LIBDLLOADER 1
| #define SYSCONFDIR "/usr/local/etc"
| #define HAVE_REALLOCARRAY 1
| #define OSSL 1
| #define HAVE_EVP_SM3 1
| #define TCTI_DEVICE 1
| #define TCTI_MSSIM 1
| #define TCTI_SWTPM 1
| #define TCTI_CMD 1
| #define TCTI_SPI_HELPER 1
| #define LOG_FILE_ENABLED 1
| #define MAXLOGLEVEL 5
| /* end confdefs.h.  */
| 
| int
| main ()
| {
| 
|   ;
|   return 0;
| }
configure:15912: result: no
configure:15922: WARNING: Optional CFLAG "-Wno-missing-braces" not supported by your compiler, continuing.
configure:15933: checking whether C compiler accepts -Wstrict-overflow=5
configure:15954: gcc -c  -g
        -Wall -
     -Wstrict-overflow=5  conftest.c >&5
gcc: error: -E or -x required when input is from standard input
configure:15954: $? = 1
configure: failed program was:
| /* confdefs.h */
| #define PACKAGE_NAME "tpm2-tss"
| #define PACKAGE_TARNAME "tpm2-tss"
| #define PACKAGE_VERSION "4.0.1-dirty"
| #define PACKAGE_STRING "tpm2-tss 4.0.1-dirty"
| #define PACKAGE_BUGREPORT "https://github.com/tpm2-software/tpm2-tss/issues"
| #define PACKAGE_URL "https://github.com/tpm2-software/tpm2-tss"
| #define PACKAGE "tpm2-tss"
| #define VERSION "4.0.1-dirty"
| #define NDEBUG 1
| #define STDC_HEADERS 1
| #define HAVE_SYS_TYPES_H 1
| #define HAVE_SYS_STAT_H 1
| #define HAVE_STDLIB_H 1
| #define HAVE_STRING_H 1
| #define HAVE_MEMORY_H 1
| #define HAVE_STRINGS_H 1
| #define HAVE_INTTYPES_H 1
| #define HAVE_STDINT_H 1
| #define HAVE_UNISTD_H 1
| #define __EXTENSIONS__ 1
| #define _ALL_SOURCE 1
| #define _GNU_SOURCE 1
| #define _POSIX_PTHREAD_SEMANTICS 1
| #define _TANDEM_SOURCE 1
| #define HAVE_DLFCN_H 1
| #define LT_OBJDIR ".libs/"
| #define HAVE_LIBDL 1
| #define HAVE_DLERROR 1
| #define HAVE_LIBDLLOADER 1
| #define SYSCONFDIR "/usr/local/etc"
| #define HAVE_REALLOCARRAY 1
| #define OSSL 1
| #define HAVE_EVP_SM3 1
| #define TCTI_DEVICE 1
| #define TCTI_MSSIM 1
| #define TCTI_SWTPM 1
| #define TCTI_CMD 1
| #define TCTI_SPI_HELPER 1
| #define LOG_FILE_ENABLED 1
| #define MAXLOGLEVEL 5
| /* end confdefs.h.  */
| 
| int
| main ()
| {
| 
|   ;
|   return 0;
| }
configure:15962: result: no
configure:15972: WARNING: Optional CFLAG "-Wstrict-overflow=5" not supported by your compiler, continuing.
configure:15983: checking whether the linker accepts -Wl,--no-undefined
configure:16002: gcc -o conftest  -g    -Wl,--no-undefined conftest.c  >&5
configure:16002: $? = 0
configure:16011: result: yes
configure:16033: checking whether the linker accepts -Wl,-z,noexecstack
configure:16052: gcc -o conftest  -g    -Wl,-z,noexecstack conftest.c  >&5
configure:16052: $? = 0
configure:16061: result: yes
configure:16083: checking whether the linker accepts -Wl,-z,now
configure:16102: gcc -o conftest  -g    -Wl,-z,now conftest.c  >&5
configure:16102: $? = 0
configure:16111: result: yes
configure:16133: checking whether the linker accepts -Wl,-z,relro
configure:16152: gcc -o conftest  -g    -Wl,-z,relro conftest.c  >&5
configure:16152: $? = 0
configure:16161: result: yes
configure:16225: checking for systemd-sysusers
configure:16241: found /usr/bin/systemd-sysusers
configure:16252: result: yes
configure:16270: checking for systemd-tmpfiles
configure:16286: found /usr/bin/systemd-tmpfiles
configure:16297: result: yes
configure:16583: checking for doxygen
configure:16601: found /usr/bin/doxygen
configure:16613: result: /usr/bin/doxygen
configure:16689: checking for perl
configure:16707: found /usr/bin/perl
configure:16719: result: /usr/bin/perl
configure:18528: checking whether to build with code coverage support
configure:18548: result: no
configure:19017: checking that generated files are newer than configure
configure:19023: result: done
configure:19174: creating ./config.status

## ---------------------- ##
## Running config.status. ##
## ---------------------- ##

This file was extended by tpm2-tss config.status 4.0.1-dirty, which was
generated by GNU Autoconf 2.69.  Invocation command line was

  CONFIG_FILES    = 
  CONFIG_HEADERS  = 
  CONFIG_LINKS    = 
  CONFIG_COMMANDS = 
  $ ./config.status 

on vien-Dell-G15-5511

config.status:1512: creating Makefile
config.status:1512: creating Doxyfile
config.status:1512: creating lib/tss2-sys.pc
config.status:1512: creating lib/tss2-esys.pc
config.status:1512: creating lib/tss2-mu.pc
config.status:1512: creating lib/tss2-tcti-device.pc
config.status:1512: creating lib/tss2-tcti-mssim.pc
config.status:1512: creating lib/tss2-tcti-swtpm.pc
config.status:1512: creating lib/tss2-tcti-pcap.pc
config.status:1512: creating lib/tss2-tcti-libtpms.pc
config.status:1512: creating lib/tss2-rc.pc
config.status:1512: creating lib/tss2-tctildr.pc
config.status:1512: creating lib/tss2-fapi.pc
config.status:1512: creating lib/tss2-tcti-cmd.pc
config.status:1512: creating lib/tss2-policy.pc
config.status:1512: creating lib/tss2-tcti-spi-helper.pc
config.status:1512: creating config.h
config.status:1741: executing depfiles commands
config.status:1818: cd .       && sed -e '/# am--include-marker/d' Makefile         | make -f - am--depfiles
make: Nothing to be done for 'am--depfiles'.
config.status:1823: $? = 0
config.status:1741: executing libtool commands
configure:21623: result:
    tpm2-tss 4.0.1-dirty
    esys:               yes
    fapi:               yes
    policy:             yes
    tctidefaultmodule:  libtss2-tcti-default.so
    tctidefaultconfig:  
    unit:               no
    integration:        no
    testing backend:    
    fapi test profile:  P_ECC
    fuzzing:            none
    debug:              info
    maxloglevel:        debug
    doxygen:            1 
    crypto backend:     ossl
    sysconfdir:         ${prefix}/etc
    localstatedir:      ${prefix}/var
    runstatedir:        ${localstatedir}/run
    sysusersdir:        ${prefix}/etc/sysusers.d
    tmpfilesdir:        ${prefix}/etc/tmpfiles.d
    userstatedir:       $HOME/.local/share
    sysmeasurements:    /sys/kernel/security/tpm0/binary_bios_measurements
    imameasurements:    /sys/kernel/security/ima/binary_runtime_measurements


## ---------------- ##
## Cache variables. ##
## ---------------- ##

ac_cv_build=x86_64-pc-linux-gnu
ac_cv_c_compiler_gnu=yes
ac_cv_cxx_compiler_gnu=yes
ac_cv_env_CCC_set=
ac_cv_env_CCC_value=
ac_cv_env_CC_set=
ac_cv_env_CC_value=
ac_cv_env_CFLAGS_set=
ac_cv_env_CFLAGS_value=
ac_cv_env_CMOCKA_CFLAGS_set=
ac_cv_env_CMOCKA_CFLAGS_value=
ac_cv_env_CMOCKA_LIBS_set=
ac_cv_env_CMOCKA_LIBS_value=
ac_cv_env_CPPFLAGS_set=
ac_cv_env_CPPFLAGS_value=
ac_cv_env_CPP_set=
ac_cv_env_CPP_value=
ac_cv_env_CRYPTO_CFLAGS_set=
ac_cv_env_CRYPTO_CFLAGS_value=
ac_cv_env_CRYPTO_LIBS_set=
ac_cv_env_CRYPTO_LIBS_value=
ac_cv_env_CURL_CFLAGS_set=
ac_cv_env_CURL_CFLAGS_value=
ac_cv_env_CURL_LIBS_set=
ac_cv_env_CURL_LIBS_value=
ac_cv_env_CXXCPP_set=
ac_cv_env_CXXCPP_value=
ac_cv_env_CXXFLAGS_set=
ac_cv_env_CXXFLAGS_value=
ac_cv_env_CXX_set=
ac_cv_env_CXX_value=
ac_cv_env_DOXYGEN_PAPER_SIZE_set=
ac_cv_env_DOXYGEN_PAPER_SIZE_value=
ac_cv_env_JSONC_CFLAGS_set=
ac_cv_env_JSONC_CFLAGS_value=
ac_cv_env_JSONC_LIBS_set=
ac_cv_env_JSONC_LIBS_value=
ac_cv_env_LDFLAGS_set=
ac_cv_env_LDFLAGS_value=
ac_cv_env_LIBS_set=
ac_cv_env_LIBS_value=
ac_cv_env_LT_SYS_LIBRARY_PATH_set=
ac_cv_env_LT_SYS_LIBRARY_PATH_value=
ac_cv_env_PKG_CONFIG_LIBDIR_set=
ac_cv_env_PKG_CONFIG_LIBDIR_value=
ac_cv_env_PKG_CONFIG_PATH_set=
ac_cv_env_PKG_CONFIG_PATH_value=
ac_cv_env_PKG_CONFIG_set=
ac_cv_env_PKG_CONFIG_value=
ac_cv_env_UUID_CFLAGS_set=
ac_cv_env_UUID_CFLAGS_value=
ac_cv_env_UUID_LIBS_set=
ac_cv_env_UUID_LIBS_value=
ac_cv_env_build_alias_set=
ac_cv_env_build_alias_value=
ac_cv_env_host_alias_set=
ac_cv_env_host_alias_value=
ac_cv_env_target_alias_set=
ac_cv_env_target_alias_value=
ac_cv_func_dlerror=yes
ac_cv_func_reallocarray=yes
ac_cv_func_shl_load=no
ac_cv_func_strndup=yes
ac_cv_header_dlfcn_h=yes
ac_cv_header_inttypes_h=yes
ac_cv_header_libtpms_tpm_library_h=no
ac_cv_header_memory_h=yes
ac_cv_header_minix_config_h=no
ac_cv_header_stdc=yes
ac_cv_header_stdint_h=yes
ac_cv_header_stdlib_h=yes
ac_cv_header_string_h=yes
ac_cv_header_strings_h=yes
ac_cv_header_sys_stat_h=yes
ac_cv_header_sys_types_h=yes
ac_cv_header_unistd_h=yes
ac_cv_host=x86_64-pc-linux-gnu
ac_cv_lib_crypto_EVP_sm3=yes
ac_cv_lib_curl_curl_url_strerror=no
ac_cv_lib_dld_dld_link=no
ac_cv_lib_dld_shl_load=no
ac_cv_objext=o
ac_cv_path_EGREP='/usr/bin/grep -E'
ac_cv_path_FGREP='/usr/bin/grep -F'
ac_cv_path_GREP=/usr/bin/grep
ac_cv_path_SED=/usr/bin/sed
ac_cv_path_ac_pt_DX_DOXYGEN=/usr/bin/doxygen
ac_cv_path_ac_pt_DX_PERL=/usr/bin/perl
ac_cv_path_ac_pt_PKG_CONFIG=/usr/bin/pkg-config
ac_cv_path_install='/usr/bin/install -c'
ac_cv_path_lt_DD=/usr/bin/dd
ac_cv_path_mkdir=/usr/bin/mkdir
ac_cv_prog_AWK=gawk
ac_cv_prog_CPP='gcc -E'
ac_cv_prog_CXXCPP='g++ -E'
ac_cv_prog_VALGRIND=valgrind
ac_cv_prog_ac_ct_AR=ar
ac_cv_prog_ac_ct_CC=gcc
ac_cv_prog_ac_ct_CXX=g++
ac_cv_prog_ac_ct_MANIFEST_TOOL=mt
ac_cv_prog_ac_ct_OBJDUMP=objdump
ac_cv_prog_ac_ct_RANLIB=ranlib
ac_cv_prog_ac_ct_STRIP=strip
ac_cv_prog_cc_c89=
ac_cv_prog_cc_g=yes
ac_cv_prog_cxx_g=yes
ac_cv_prog_make_make_set=yes
ac_cv_prog_systemd_sysusers=yes
ac_cv_prog_systemd_tmpfiles=yes
ac_cv_safe_to_define___extensions__=yes
ac_cv_search_dlopen=-ldl
am_cv_CC_dependencies_compiler_type=gcc3
am_cv_CXX_dependencies_compiler_type=gcc3
am_cv_make_support_nested_variables=yes
am_cv_prog_cc_c_o=yes
ax_cv_check_cflags___________Wall_________=no
ax_cv_check_cflags___________Wall_________Wall=no
ax_cv_check_cflags___________Wall_________Wextra=no
ax_cv_check_cflags___________Wall_________Wformat_security=no
ax_cv_check_cflags___________Wall_________Wno_missing_braces=no
ax_cv_check_cflags___________Wall_________Wstrict_overflow_5=no
ax_cv_check_cflags___________Wall_________fPIC=no
ax_cv_check_cflags___________Wall_________fpic=no
ax_cv_check_cflags___________Wall_________fstack_protector_all=no
ax_cv_check_cflags___________Wall_________std_c99=no
ax_cv_check_ldflags___Wl___no_undefined=yes
ax_cv_check_ldflags___Wl__z_noexecstack=yes
ax_cv_check_ldflags___Wl__z_now=yes
ax_cv_check_ldflags___Wl__z_relro=yes
ax_cv_valgrind_tool_drd=yes
ax_cv_valgrind_tool_helgrind=yes
ax_cv_valgrind_tool_memcheck=yes
ax_cv_valgrind_tool_sgcheck=no
gl_cv_sys_ld_version_script=yes
libltdl_cv_lib_dl_dlopen=yes
lt_cv_ar_at_file=@
lt_cv_archive_cmds_need_lc=no
lt_cv_deplibs_check_method=pass_all
lt_cv_file_magic_cmd='$MAGIC_CMD'
lt_cv_file_magic_test_file=
lt_cv_ld_reload_flag=-r
lt_cv_nm_interface='BSD nm'
lt_cv_objdir=.libs
lt_cv_path_LD=/usr/bin/ld
lt_cv_path_LDCXX='/usr/bin/ld -m elf_x86_64'
lt_cv_path_NM='/usr/bin/nm -B'
lt_cv_path_mainfest_tool=no
lt_cv_prog_compiler_c_o=yes
lt_cv_prog_compiler_c_o_CXX=yes
lt_cv_prog_compiler_pic='-fPIC -DPIC'
lt_cv_prog_compiler_pic_CXX='-fPIC -DPIC'
lt_cv_prog_compiler_pic_works=yes
lt_cv_prog_compiler_pic_works_CXX=yes
lt_cv_prog_compiler_rtti_exceptions=no
lt_cv_prog_compiler_static_works=yes
lt_cv_prog_compiler_static_works_CXX=yes
lt_cv_prog_gnu_ld=yes
lt_cv_prog_gnu_ldcxx=yes
lt_cv_sharedlib_from_linklib_cmd='printf %s\n'
lt_cv_shlibpath_overrides_runpath=yes
lt_cv_sys_global_symbol_pipe='sed -n -e '\''s/^.*[	 ]\([ABCDGIRSTW][ABCDGIRSTW]*\)[	 ][	 ]*\([_A-Za-z][_A-Za-z0-9]*\)$/\1 \2 \2/p'\'' | sed '\''/ __gnu_lto/d'\'''
lt_cv_sys_global_symbol_to_c_name_address='sed -n -e '\''s/^: \(.*\) .*$/  {"\1", (void *) 0},/p'\'' -e '\''s/^[ABCDGIRSTW][ABCDGIRSTW]* .* \(.*\)$/  {"\1", (void *) \&\1},/p'\'''
lt_cv_sys_global_symbol_to_c_name_address_lib_prefix='sed -n -e '\''s/^: \(.*\) .*$/  {"\1", (void *) 0},/p'\'' -e '\''s/^[ABCDGIRSTW][ABCDGIRSTW]* .* \(lib.*\)$/  {"\1", (void *) \&\1},/p'\'' -e '\''s/^[ABCDGIRSTW][ABCDGIRSTW]* .* \(.*\)$/  {"lib\1", (void *) \&\1},/p'\'''
lt_cv_sys_global_symbol_to_cdecl='sed -n -e '\''s/^T .* \(.*\)$/extern int \1();/p'\'' -e '\''s/^[ABCDGIRSTW][ABCDGIRSTW]* .* \(.*\)$/extern char \1;/p'\'''
lt_cv_sys_global_symbol_to_import=
lt_cv_sys_max_cmd_len=1572864
lt_cv_to_host_file_cmd=func_convert_file_noop
lt_cv_to_tool_file_cmd=func_convert_file_noop
lt_cv_truncate_bin='/usr/bin/dd bs=4096 count=1'
pkg_cv_CRYPTO_CFLAGS=
pkg_cv_CRYPTO_LIBS=-lcrypto
pkg_cv_CURL_CFLAGS=-I/usr/include/x86_64-linux-gnu
pkg_cv_CURL_LIBS=-lcurl
pkg_cv_JSONC_CFLAGS='-I/usr/local/include -I/usr/local/include/json-c'
pkg_cv_JSONC_LIBS='-L/usr/local/lib -ljson-c'
pkg_cv_UUID_CFLAGS=-I/usr/include/uuid
pkg_cv_UUID_LIBS=-luuid

## ----------------- ##
## Output variables. ##
## ----------------- ##



























		$(foreach tool, $(valgrind_enabled_tools), check-valgrind-$(tool))
		LOG_COMPILER="$$(VALGRIND_LOG_COMPILER)" \
		LOG_FLAGS="$$(valgrind_$(1)_flags)" \
		TESTS_ENVIRONMENT="$$(VALGRIND_TESTS_ENVIRONMENT)" \
		TEST_SUITE_LOG=test-suite-$(1).log
	$$(valgrind_v_use)$$(MAKE) check-TESTS \
	$(AM_V_at)$(MAKE) $(AM_MAKEFLAGS) -k \
	$(AM_V_at)echo Timestamp >$@
	$(AM_V_at)rm -rf $(DX_DOCDIR)
	$(DX_CLEAN_CHI) \
	$(DX_CLEAN_CHM) \
	$(DX_CLEAN_HTML) \
	$(DX_CLEAN_LATEX)'
	$(DX_CLEAN_MAN) \
	$(DX_CLEAN_PDF) \
	$(DX_CLEAN_PS) \
	$(DX_CLEAN_RTF) \
	$(DX_CLEAN_XML) \
	$(DX_DOCDIR)/$(PACKAGE).tag \
	$(DX_DOCDIR)/doxygen_sqlite3.db \
	$(DX_V_DXGEN)$(DX_ENV) DOCDIR=$(DX_DOCDIR) $(DX_DOXYGEN) $(DX_CONFIG)
	$(TESTS_ENVIRONMENT) \
	$(VALGRIND) $(VALGRIND_SUPPRESSIONS) --error-exitcode=1 $(VALGRIND_FLAGS)
	$(valgrind_lt) \
	-r \
	@echo "Need to reconfigure with --enable-valgrind"
	@echo "Need to reconfigure with --enable-valgrind"
	@echo "Need to reconfigure with --enable-valgrind-$(1)"
	G_DEBUG=fatal-warnings,fatal-criticals,gc-friendly
	G_SLICE=always-malloc,debug-blocks \
	env VALGRIND=$(VALGRIND) \
                $(DX_DOCDIR)/html
               $(DX_DOCDIR)/man
               $(DX_DOCDIR)/rtf
#
#    (Default: --num-callers=30)
#    files to load. (Default: empty)
#    memcheck, helgrind, drd, sgcheck). (Default: various)
#  - VALGRIND_$toolname_FLAGS: Flags to pass to Valgrind $toolname (one of:
#  - VALGRIND_FLAGS: General flags to pass to all Valgrind tools.
#  - VALGRIND_SUPPRESSIONS_FILES: Space-separated list of Valgrind suppressions
# Internal use
# Optional variables
# Optional:
# Support running with and without libtool.
# Use recursive makes in order to ignore errors during check
# Valgrind check
# Valgrind running
## ------------------------------ ##
## ------------------------------ ##
## ------------------------------ ##
## ------------------------------ ##
## ------------------------------- ##
## ------------------------------- ##
## --------------------------------- ##
## Format-independent Doxygen rules. ##
## Rules specific for HTML output. ##
## Rules specific for MAN output. ##
## Rules specific for RTF output. ##
$(DX_DOCDIR)/$(PACKAGE).tag: $(DX_CONFIG) $(pkginclude_HEADERS)
$(foreach tool,$(valgrind_tools),$(eval $(call valgrind_tool_rule,$(tool))))
'
.INTERMEDIATE: doxygen-run $(DX_PS_GOAL) $(DX_PDF_GOAL)
.PHONY: check-valgrind $(add-prefix check-valgrind-,$(valgrind_tools))
.PHONY: doxygen-run doxygen-doc $(DX_PS_GOAL) $(DX_PDF_GOAL)
ACLOCAL='${SHELL} /home/vien/tpm2-tss/missing aclocal-1.16'
AMDEPBACKSLASH='\'
AMDEP_FALSE='#'
AMDEP_TRUE=''
AMTAR='$${TAR-tar}'
AM_BACKSLASH='\'
AM_DEFAULT_V='$(AM_DEFAULT_VERBOSITY)'
AM_DEFAULT_VERBOSITY='0'
AM_DISTCHECK_CONFIGURE_FLAGS += --disable-valgrind
AM_DISTCHECK_CONFIGURE_FLAGS ?=
AM_V='$(V)'
AR='ar'
AUTOCONF='${SHELL} /home/vien/tpm2-tss/missing autoconf'
AUTOCONF_CODE_COVERAGE_2019_01_06_FALSE='#'
AUTOCONF_CODE_COVERAGE_2019_01_06_TRUE=''
AUTOHEADER='${SHELL} /home/vien/tpm2-tss/missing autoheader'
AUTOMAKE='${SHELL} /home/vien/tpm2-tss/missing automake-1.16'
AWK='gawk'
CC='gcc'
CCDEPMODE='depmode=gcc3'
CFLAGS=' -g'
CMOCKA_CFLAGS=''
CMOCKA_LIBS=''
CODE_COVERAGE_CFLAGS=''
CODE_COVERAGE_CPPFLAGS=''
CODE_COVERAGE_CXXFLAGS=''
CODE_COVERAGE_ENABLED='no'
CODE_COVERAGE_ENABLED_FALSE=''
CODE_COVERAGE_ENABLED_TRUE='#'
CODE_COVERAGE_LIBS=''
CPP='gcc -E'
CPPFLAGS=''
CRYPTO_CFLAGS=''
CRYPTO_LIBS='-lcrypto'
CURL_CFLAGS='-I/usr/include/x86_64-linux-gnu'
CURL_LIBS='-lcurl'
CXX='g++'
CXXCPP='g++ -E'
CXXDEPMODE='depmode=gcc3'
CXXFLAGS=' -g'
CYGPATH_W='echo'
DEFS='-DHAVE_CONFIG_H'
DEPDIR='.deps'
DEVICEDESTRUCTIVE_FALSE=''
DEVICEDESTRUCTIVE_TRUE='#'
DEVICEMANDATORY_FALSE='#'
DEVICEMANDATORY_TRUE=''
DEVICEOPTIONAL_FALSE=''
DEVICEOPTIONAL_TRUE='#'
DISTCHECK_CONFIGURE_FLAGS=' '\''--with-maxloglevel=debug'\'' '\''--enable-static'\'''
DLLTOOL='false'
DOT_PATH=''
DOXYGEN_PAPER_SIZE=''
DOXYMAN_FALSE='#'
DOXYMAN_TRUE=''
DSYMUTIL=''
DUMPBIN=''
DX_CLEANFILES = \
DX_CLEAN_HTML = $(DX_DOCDIR)/html\
DX_CLEAN_MAN = $(DX_DOCDIR)/man\
DX_CLEAN_RTF = $(DX_DOCDIR)/rtf\
DX_CONFIG='Doxyfile'
DX_DOCDIR='doxygen-doc'
DX_DOT=''
DX_DOXYGEN='/usr/bin/doxygen'
DX_DVIPS=''
DX_EGREP=''
DX_ENV=' SRCDIR='\''.'\'' PROJECT='\''tpm2-tss'\'' VERSION='\''4.0.1-dirty'\'' PERL_PATH='\''/usr/bin/perl'\'' HAVE_DOT='\''NO'\'' GENERATE_MAN='\''YES'\'' GENERATE_RTF='\''YES'\'' GENERATE_XML='\''NO'\'' GENERATE_HTMLHELP='\''NO'\'' GENERATE_CHI='\''NO'\'' GENERATE_HTML='\''YES'\'' GENERATE_LATEX='\''NO'\'''
DX_FLAG_chi='0'
DX_FLAG_chm='0'
DX_FLAG_doc='1'
DX_FLAG_dot='0'
DX_FLAG_html='1'
DX_FLAG_man='1'
DX_FLAG_pdf='0'
DX_FLAG_ps='0'
DX_FLAG_rtf='1'
DX_FLAG_xml='0'
DX_HHC=''
DX_LATEX=''
DX_MAKEINDEX=''
DX_PDFLATEX=''
DX_PERL='/usr/bin/perl'
DX_PROJECT='tpm2-tss'
DX_RULES='## --------------------------------- ##
DX_V_DXGEN = $(_DX_v_DXGEN_$(V))
ECHO_C=''
ECHO_N='-n'
ECHO_T=''
EGREP='/usr/bin/grep -E'
ENABLE_FUZZING_FALSE=''
ENABLE_FUZZING_TRUE='#'
ENABLE_INTEGRATION=''
ENABLE_INTEGRATION_FALSE=''
ENABLE_INTEGRATION_TRUE='#'
ENABLE_TCTI_CMD_FALSE='#'
ENABLE_TCTI_CMD_TRUE=''
ENABLE_TCTI_DEVICE_FALSE='#'
ENABLE_TCTI_DEVICE_TRUE=''
ENABLE_TCTI_FUZZING_FALSE=''
ENABLE_TCTI_FUZZING_TRUE='#'
ENABLE_TCTI_LIBTPMS_FALSE=''
ENABLE_TCTI_LIBTPMS_TRUE='#'
ENABLE_TCTI_MSSIM_FALSE='#'
ENABLE_TCTI_MSSIM_TRUE=''
ENABLE_TCTI_PCAP_FALSE='#'
ENABLE_TCTI_PCAP_TRUE=''
ENABLE_TCTI_SPI_HELPER_FALSE='#'
ENABLE_TCTI_SPI_HELPER_TRUE=''
ENABLE_TCTI_SWTPM_FALSE='#'
ENABLE_TCTI_SWTPM_TRUE=''
ENABLE_VALGRIND_drd='yes'
ENABLE_VALGRIND_helgrind='yes'
ENABLE_VALGRIND_memcheck='yes'
ENABLE_VALGRIND_sgcheck='no'
ESYS_FALSE='#'
ESYS_MBED_FALSE=''
ESYS_MBED_TRUE='#'
ESYS_OSSL_FALSE='#'
ESYS_OSSL_TRUE=''
ESYS_TRUE=''
EXEEXT=''
EXTRA_CFLAGS=''
EXTRA_LDFLAGS=' -Wl,--no-undefined -Wl,-z,noexecstack -Wl,-z,now -Wl,-z,relro'
FAPI_FALSE='#'
FAPI_TRUE=''
FGREP='/usr/bin/grep -F'
FUZZ_LDFLAGS=''
GCOV=''
GENERATE_CHI='NO'
GENERATE_HTML='YES'
GENERATE_HTMLHELP='NO'
GENERATE_LATEX='NO'
GENERATE_MAN='YES'
GENERATE_RTF='YES'
GENERATE_XML='NO'
GENHTML=''
GREP='/usr/bin/grep'
HAVE_DOT='NO'
HAVE_LD_VERSION_SCRIPT_FALSE='#'
HAVE_LD_VERSION_SCRIPT_TRUE=''
HHC_PATH=''
HOSTOS='Linux'
HOSTOS_LINUX_FALSE='#'
HOSTOS_LINUX_TRUE=''
INSTALL_DATA='${INSTALL} -m 644'
INSTALL_PROGRAM='${INSTALL}'
INSTALL_SCRIPT='${INSTALL}'
INSTALL_STRIP_PROGRAM='$(install_sh) -c -s'
INTEGRATION_ARGS=''
INTEGRATION_TCTI=''
JSONC_CFLAGS='-I/usr/local/include -I/usr/local/include/json-c'
JSONC_LIBS='-L/usr/local/lib -ljson-c'
LCOV=''
LD='/usr/bin/ld -m elf_x86_64'
LDFLAGS=''
LIBADD_DL='-ldl '
LIBADD_DLD_LINK=''
LIBADD_DLOPEN='-ldl'
LIBADD_SHL_LOAD=''
LIBOBJS=''
LIBS=''
LIBSOCKET_LDFLAGS=''
LIBTOOL='$(SHELL) $(top_builddir)/libtool'
LIPO=''
LN_S='ln -s'
LTLIBOBJS=''
LT_DLLOADERS=' dlopen.la'
LT_DLPREOPEN='-dlpreopen dlopen.la '
LT_SYS_LIBRARY_PATH=''
MAKEINFO='${SHELL} /home/vien/tpm2-tss/missing makeinfo'
MANIFEST_TOOL=':'
MKDIR_P='/usr/bin/mkdir -p'
MOSTLYCLEANFILES += $(valgrind_log_files)
MOSTLYCLEANFILES ?=
NM='/usr/bin/nm -B'
NMEDIT=''
NO_DL_FALSE=''
NO_DL_TRUE='#'
OBJDUMP='objdump'
OBJEXT='o'
OTOOL64=''
OTOOL=''
PACKAGE='tpm2-tss'
PACKAGE_BUGREPORT='https://github.com/tpm2-software/tpm2-tss/issues'
PACKAGE_NAME='tpm2-tss'
PACKAGE_STRING='tpm2-tss 4.0.1-dirty'
PACKAGE_TARNAME='tpm2-tss'
PACKAGE_URL='https://github.com/tpm2-software/tpm2-tss'
PACKAGE_VERSION='4.0.1-dirty'
PAPER_SIZE=''
PATH='/usr/local/sbin:/usr/local/bin:/usr/sbin:/usr/bin:/sbin:/bin:/snap/bin'
PATH_SEPARATOR=':'
PERL_PATH='/usr/bin/perl'
PKG_CONFIG='/usr/bin/pkg-config'
PKG_CONFIG_LIBDIR=''
PKG_CONFIG_PATH=''
POLICY_FALSE='#'
POLICY_TRUE=''
PROJECT='tpm2-tss'
RANLIB='ranlib'
SANITIZER_CFLAGS=''
SANITIZER_LDFLAGS=''
SED='/usr/bin/sed'
SET_MAKE=''
SHELL='/bin/bash'
SRCDIR='.'
STRIP='strip'
SYSD_SYSUSERS_FALSE='#'
SYSD_SYSUSERS_TRUE=''
SYSD_TMPFILES_FALSE='#'
SYSD_TMPFILES_TRUE=''
TESTDEVICE_FALSE=''
TESTDEVICE_TRUE='#'
TSS2_ESYS_CFLAGS_CRYPTO=''
TSS2_ESYS_LDFLAGS_CRYPTO='-lcrypto'
UNIT_FALSE=''
UNIT_TRUE='#'
UUID_CFLAGS='-I/usr/include/uuid'
UUID_LIBS='-luuid'
VALGRIND='valgrind'
VALGRIND_CHECK_RULES='
VALGRIND_ENABLED='yes'
VALGRIND_ENABLED_FALSE='#'
VALGRIND_ENABLED_TRUE=''
VALGRIND_FLAGS ?= --num-callers=30
VALGRIND_LOG_COMPILER = \
VALGRIND_SUPPRESSIONS ?= $(addprefix --suppressions=,$(VALGRIND_SUPPRESSIONS_FILES))
VALGRIND_TESTS_ENVIRONMENT = \
VALGRIND_drd_FLAGS ?=
VALGRIND_helgrind_FLAGS ?= --history-level=approx
VALGRIND_memcheck_FLAGS ?= --leak-check=full --show-reachable=no
VALGRIND_sgcheck_FLAGS ?=
VENDOR_FALSE='#'
VENDOR_TRUE=''
VERSION='4.0.1-dirty'
WITH_UDEVRULESPREFIX_FALSE=''
WITH_UDEVRULESPREFIX_TRUE='#'
_DX_v_DXGEN_ = $(_DX_v_DXGEN_$(AM_DEFAULT_VERBOSITY))
_DX_v_DXGEN_0 = @echo "  DXGEN " $<;
ac_ct_AR='ar'
ac_ct_CC='gcc'
ac_ct_CXX='g++'
ac_ct_DUMPBIN=''
addgroup=''
adduser=''
am__EXEEXT_FALSE=''
am__EXEEXT_TRUE='#'
am__fastdepCC_FALSE='#'
am__fastdepCC_TRUE=''
am__fastdepCXX_FALSE='#'
am__fastdepCXX_TRUE=''
am__include='include'
am__isrc=''
am__leading_dot='.'
am__nodep='_no'
am__quote=''
am__tar='$${TAR-tar} chof - "$$tardir"'
am__untar='$${TAR-tar} xf -'
bindir='${exec_prefix}/bin'
build='x86_64-pc-linux-gnu'
build_alias=''
build_cpu='x86_64'
build_os='linux-gnu'
build_vendor='pc'
check-valgrind-$(1)-am:
check-valgrind-am:
datadir='${datarootdir}'
datarootdir='${prefix}/share'
define valgrind_tool_rule
docdir='${datarootdir}/doc/${PACKAGE_TARNAME}'
doxygen-doc: doxygen-run $(DX_PS_GOAL) $(DX_PDF_GOAL)
doxygen-run: $(DX_DOCDIR)/$(PACKAGE).tag
dvidir='${docdir}'
else
else
else
else ifeq ($$(VALGRIND_ENABLED),yes)
endef
endif
endif
endif
endif
exec_prefix='${prefix}'
groupadd=''
host='x86_64-pc-linux-gnu'
host_alias=''
host_cpu='x86_64'
host_os='linux-gnu'
host_vendor='pc'
htmldir='${docdir}'
ifGNUmake=''
ifeq ($$(VALGRIND_ENABLED)-$$(ENABLE_VALGRIND_$(1)),yes-yes)
ifeq ($(VALGRIND_ENABLED),yes)
ifnGNUmake=''
ifneq ($$(TESTS),)
ifneq ($(LIBTOOL),)
imameasurements='/sys/kernel/security/ima/binary_runtime_measurements'
imameasurements_std='/sys/kernel/security/ima/binary_runtime_measurements'
includedir='${prefix}/include'
infodir='${datarootdir}/info'
install_sh='${SHELL} /home/vien/tpm2-tss/install-sh'
libdir='${exec_prefix}/lib'
libexecdir='${exec_prefix}/libexec'
localedir='${datarootdir}/locale'
localstatedir='${prefix}/var'
mandir='${datarootdir}/man'
mkdir_p='$(MKDIR_P)'
oldincludedir='/usr/include'
pdfdir='${docdir}'
pkgconfigdir='${libdir}/pkgconfig'
prefix='/usr/local'
program_transform_name='s,x,x,'
psdir='${docdir}'
result_awk=''
result_basename=''
result_cat=''
result_dirname=''
result_doxygen=''
result_echo=''
result_env=''
result_expr=''
result_grep=''
result_kill=''
result_mktemp=''
result_od=''
result_realpath=''
result_rm=''
result_sleep=''
result_sockstat=''
result_ss=''
result_stdbuf=''
result_swtpm=''
result_tpm_server=''
runstatedir='${localstatedir}/run'
sbindir='${exec_prefix}/sbin'
sharedstatedir='${prefix}/com'
sysconfdir='${prefix}/etc'
sysmeasurements='/sys/kernel/security/tpm0/binary_bios_measurements'
sysmeasurements_std='/sys/kernel/security/tpm0/binary_bios_measurements'
systemd_sysusers='yes'
systemd_tmpfiles='yes'
sysusersdir='${prefix}/etc/sysusers.d'
target_alias=''
tmpfilesdir='${prefix}/etc/tmpfiles.d'
udevrulesdir='${exec_prefix}/lib/udev/rules.d'
udevrulesprefix=''
useradd=''
userstatedir='.local/share'
valgrind_drd_flags = --tool=drd $(VALGRIND_drd_FLAGS)
valgrind_enabled_tools=' memcheck helgrind drd'
valgrind_helgrind_flags = --tool=helgrind $(VALGRIND_helgrind_FLAGS)
valgrind_log_files = $(addprefix test-suite-,$(addsuffix .log,$(valgrind_tools)))
valgrind_lt =
valgrind_lt = $(LIBTOOL) $(AM_LIBTOOLFLAGS) $(LIBTOOLFLAGS) --mode=execute
valgrind_memcheck_flags = --tool=memcheck $(VALGRIND_memcheck_FLAGS)
valgrind_quiet = $(valgrind_quiet_$(V))
valgrind_quiet_ = $(valgrind_quiet_$(AM_DEFAULT_VERBOSITY))
valgrind_quiet_0 = --quiet
valgrind_sgcheck_flags = --tool=exp-sgcheck $(VALGRIND_sgcheck_FLAGS)
valgrind_tools='memcheck helgrind drd sgcheck'
valgrind_v_use   = $(valgrind_v_use_$(V))
valgrind_v_use_  = $(valgrind_v_use_$(AM_DEFAULT_VERBOSITY))
valgrind_v_use_0 = @echo "  USE   " $(patsubst check-valgrind-%-am,%,$@):;

## ----------- ##
## confdefs.h. ##
## ----------- ##

/* confdefs.h */
#define PACKAGE_NAME "tpm2-tss"
#define PACKAGE_TARNAME "tpm2-tss"
#define PACKAGE_VERSION "4.0.1-dirty"
#define PACKAGE_STRING "tpm2-tss 4.0.1-dirty"
#define PACKAGE_BUGREPORT "https://github.com/tpm2-software/tpm2-tss/issues"
#define PACKAGE_URL "https://github.com/tpm2-software/tpm2-tss"
#define PACKAGE "tpm2-tss"
#define VERSION "4.0.1-dirty"
#define NDEBUG 1
#define STDC_HEADERS 1
#define HAVE_SYS_TYPES_H 1
#define HAVE_SYS_STAT_H 1
#define HAVE_STDLIB_H 1
#define HAVE_STRING_H 1
#define HAVE_MEMORY_H 1
#define HAVE_STRINGS_H 1
#define HAVE_INTTYPES_H 1
#define HAVE_STDINT_H 1
#define HAVE_UNISTD_H 1
#define __EXTENSIONS__ 1
#define _ALL_SOURCE 1
#define _GNU_SOURCE 1
#define _POSIX_PTHREAD_SEMANTICS 1
#define _TANDEM_SOURCE 1
#define HAVE_DLFCN_H 1
#define LT_OBJDIR ".libs/"
#define HAVE_LIBDL 1
#define HAVE_DLERROR 1
#define HAVE_LIBDLLOADER 1
#define SYSCONFDIR "/usr/local/etc"
#define HAVE_REALLOCARRAY 1
#define OSSL 1
#define HAVE_EVP_SM3 1
#define TCTI_DEVICE 1
#define TCTI_MSSIM 1
#define TCTI_SWTPM 1
#define TCTI_CMD 1
#define TCTI_SPI_HELPER 1
#define LOG_FILE_ENABLED 1
#define MAXLOGLEVEL 5
#define FAPI_TEST_EK_CERT_LESS 1
#define DEFAULT_TEST_FAPI_PROFILE "P_ECC"

configure: exit 0

## ---------------------- ##
## Running config.status. ##
## ---------------------- ##

This file was extended by tpm2-tss config.status 4.0.1-dirty, which was
generated by GNU Autoconf 2.69.  Invocation command line was

  CONFIG_FILES    = 
  CONFIG_HEADERS  = 
  CONFIG_LINKS    = 
  CONFIG_COMMANDS = 
  $ ./config.status config.h

on vien-Dell-G15-5511

config.status:1512: creating config.h
config.status:1693: config.h is unchanged
